2018-07-03 11:07:41 INFO  : 

2018-07-03 11:07:41 INFO  : $$$$$$$$$$$$$$$$$$$$$$$    -S-T-A-R-T-    $$$$$$$$$$$$$$$$$$$$$$$

2018-07-03 11:07:41 INFO  : 

2018-07-03 11:07:41 INFO  : 

2018-07-03 11:07:41 INFO  : ------------------------ TESTCASE SETUP --------------------------------- 

2018-07-03 11:07:41 INFO  : 

2018-07-03 11:07:41 INFO  : 

2018-07-03 11:07:41 INFO  : 	Browser     : chrome

2018-07-03 11:07:41 INFO  : 	Zone        : INT

2018-07-03 11:07:41 INFO  : 	Log Dir     : /log/

2018-07-03 11:07:41 INFO  : 

2018-07-03 11:07:41 INFO  : 

2018-07-03 11:07:41 INFO  : ---------------------------------------------------------------------------

2018-07-03 11:07:41 INFO  : 

2018-07-03 11:07:41 INFO  : 

2018-07-03 11:07:41 INFO  : ------------------------ Connection DB --------------------------------- 

2018-07-03 11:07:41 INFO  : 

2018-07-03 11:07:41 INFO  : 

2018-07-03 11:07:41 INFO  : ---------------------------------------------------------------------------

2018-07-03 11:07:41 INFO  : 

2018-07-03 11:07:41 INFO  : 

2018-07-03 11:07:41 INFO  : -----------> Lunching Chrome <-----------

2018-07-03 11:07:41 INFO  : ----------------------------------------------------

2018-07-03 11:07:41 INFO  : 

2018-07-03 11:07:41 INFO  : 

2018-07-03 11:07:41 INFO  : STATUS : failed

2018-07-03 11:07:41 INFO  : 

2018-07-03 11:07:41 INFO  : 

2018-07-03 11:07:41 INFO  : ----------------------------------------------------

2018-07-03 11:10:29 INFO  : 

2018-07-03 11:10:29 INFO  : $$$$$$$$$$$$$$$$$$$$$$$    -S-T-A-R-T-    $$$$$$$$$$$$$$$$$$$$$$$

2018-07-03 11:10:29 INFO  : 

2018-07-03 11:10:29 INFO  : 

2018-07-03 11:10:29 INFO  : ------------------------ TESTCASE SETUP --------------------------------- 

2018-07-03 11:10:29 INFO  : 

2018-07-03 11:10:29 INFO  : 

2018-07-03 11:10:29 INFO  : 	Browser     : chrome

2018-07-03 11:10:29 INFO  : 	Zone        : INT

2018-07-03 11:10:29 INFO  : 	Log Dir     : /log/

2018-07-03 11:10:29 INFO  : 

2018-07-03 11:10:29 INFO  : 

2018-07-03 11:10:29 INFO  : ---------------------------------------------------------------------------

2018-07-03 11:10:29 INFO  : 

2018-07-03 11:10:29 INFO  : 

2018-07-03 11:10:29 INFO  : ------------------------ Connection DB --------------------------------- 

2018-07-03 11:10:29 INFO  : 

2018-07-03 11:10:29 INFO  : 

2018-07-03 11:10:29 INFO  : ---------------------------------------------------------------------------

2018-07-03 11:10:29 INFO  : 

2018-07-03 11:10:29 INFO  : 

2018-07-03 11:10:29 INFO  : -----------> Lunching Chrome <-----------

2018-07-03 11:10:29 INFO  : ----------------------------------------------------

2018-07-03 11:10:29 INFO  : 

2018-07-03 11:10:29 INFO  : 

2018-07-03 11:10:29 INFO  : STATUS : failed

2018-07-03 11:10:29 INFO  : 

2018-07-03 11:10:29 INFO  : 

2018-07-03 11:10:29 INFO  : ----------------------------------------------------

2018-07-03 11:11:16 INFO  : 

2018-07-03 11:11:16 INFO  : $$$$$$$$$$$$$$$$$$$$$$$    -S-T-A-R-T-    $$$$$$$$$$$$$$$$$$$$$$$

2018-07-03 11:11:16 INFO  : 

2018-07-03 11:11:16 INFO  : 

2018-07-03 11:11:16 INFO  : ------------------------ TESTCASE SETUP --------------------------------- 

2018-07-03 11:11:16 INFO  : 

2018-07-03 11:11:16 INFO  : 

2018-07-03 11:11:16 INFO  : 	Browser     : chrome

2018-07-03 11:11:16 INFO  : 	Zone        : INT

2018-07-03 11:11:16 INFO  : 	Log Dir     : /log/

2018-07-03 11:11:16 INFO  : 

2018-07-03 11:11:16 INFO  : 

2018-07-03 11:11:16 INFO  : ---------------------------------------------------------------------------

2018-07-03 11:11:16 INFO  : 

2018-07-03 11:11:16 INFO  : 

2018-07-03 11:11:16 INFO  : ------------------------ Connection DB --------------------------------- 

2018-07-03 11:11:16 INFO  : 

2018-07-03 11:11:16 INFO  : 

2018-07-03 11:11:16 INFO  : ---------------------------------------------------------------------------

2018-07-03 11:11:16 INFO  : 

2018-07-03 11:11:16 INFO  : 

2018-07-03 11:11:16 INFO  : -----------> Lunching Chrome <-----------

2018-07-03 11:11:37 INFO  : ----------------------------------------------------

2018-07-03 11:11:37 INFO  : 

2018-07-03 11:11:37 INFO  : 

2018-07-03 11:11:37 INFO  : STATUS : failed

2018-07-03 11:11:37 INFO  : 

2018-07-03 11:11:37 INFO  : 

2018-07-03 11:11:37 INFO  : ----------------------------------------------------

2018-07-03 11:18:01 INFO  : 

2018-07-03 11:18:01 INFO  : $$$$$$$$$$$$$$$$$$$$$$$    -S-T-A-R-T-    $$$$$$$$$$$$$$$$$$$$$$$

2018-07-03 11:18:01 INFO  : 

2018-07-03 11:18:01 INFO  : 

2018-07-03 11:18:01 INFO  : ------------------------ TESTCASE SETUP --------------------------------- 

2018-07-03 11:18:01 INFO  : 

2018-07-03 11:18:01 INFO  : 

2018-07-03 11:18:01 INFO  : 	Browser     : chrome

2018-07-03 11:18:01 INFO  : 	Zone        : INT

2018-07-03 11:18:01 INFO  : 	Log Dir     : /log/

2018-07-03 11:18:01 INFO  : 

2018-07-03 11:18:01 INFO  : 

2018-07-03 11:18:01 INFO  : ---------------------------------------------------------------------------

2018-07-03 11:18:01 INFO  : 

2018-07-03 11:18:01 INFO  : 

2018-07-03 11:18:01 INFO  : ------------------------ Connection DB --------------------------------- 

2018-07-03 11:18:01 INFO  : 

2018-07-03 11:18:01 INFO  : 

2018-07-03 11:18:01 INFO  : ---------------------------------------------------------------------------

2018-07-03 11:18:01 INFO  : 

2018-07-03 11:18:01 INFO  : 

2018-07-03 11:18:01 INFO  : -----------> Lunching Chrome <-----------

2018-07-03 11:18:22 INFO  : ----------------------------------------------------

2018-07-03 11:18:22 INFO  : 

2018-07-03 11:18:22 INFO  : 

2018-07-03 11:18:22 INFO  : STATUS : failed

2018-07-03 11:18:22 INFO  : 

2018-07-03 11:18:22 INFO  : 

2018-07-03 11:18:22 INFO  : ----------------------------------------------------

2018-07-03 11:22:58 INFO  : 

2018-07-03 11:22:58 INFO  : $$$$$$$$$$$$$$$$$$$$$$$    -S-T-A-R-T-    $$$$$$$$$$$$$$$$$$$$$$$

2018-07-03 11:22:58 INFO  : 

2018-07-03 11:22:58 INFO  : 

2018-07-03 11:22:58 INFO  : ------------------------ TESTCASE SETUP --------------------------------- 

2018-07-03 11:22:58 INFO  : 

2018-07-03 11:22:58 INFO  : 

2018-07-03 11:22:58 INFO  : 	Browser     : chrome

2018-07-03 11:22:58 INFO  : 	Zone        : INT

2018-07-03 11:22:58 INFO  : 	Log Dir     : /log/

2018-07-03 11:22:58 INFO  : 

2018-07-03 11:22:58 INFO  : 

2018-07-03 11:22:58 INFO  : ---------------------------------------------------------------------------

2018-07-03 11:22:58 INFO  : 

2018-07-03 11:22:58 INFO  : 

2018-07-03 11:22:58 INFO  : ------------------------ Connection DB --------------------------------- 

2018-07-03 11:22:58 INFO  : 

2018-07-03 11:22:58 INFO  : 

2018-07-03 11:22:58 INFO  : ---------------------------------------------------------------------------

2018-07-03 11:22:58 INFO  : 

2018-07-03 11:22:58 INFO  : 

2018-07-03 11:22:58 INFO  : -----------> Lunching Chrome <-----------

2018-07-03 11:23:00 INFO  : 

2018-07-03 11:23:00 INFO  : ----------------------------------------------------

2018-07-03 11:23:00 INFO  : 

2018-07-03 11:23:00 INFO  : Scenario :: Open Hotwire

2018-07-03 11:23:00 INFO  : 

2018-07-03 11:23:00 INFO  : ----------------------------------------------------

2018-07-03 11:23:00 INFO  : 

2018-07-03 11:23:00 INFO  : 

2018-07-03 11:23:00 INFO  : Opening URL : https://www.hotwire.com/

2018-07-03 11:23:04 INFO  : Cheap Hotels, Cars, Airfare | Last Minute Travel Deals | Hotwire

2018-07-03 11:23:04 INFO  :  ----------------------------- 

2018-07-03 11:23:04 INFO  : ----------------------------------------------------

2018-07-03 11:23:04 INFO  : 

2018-07-03 11:23:04 INFO  : 

2018-07-03 11:23:04 INFO  : STATUS : passed

2018-07-03 11:23:04 INFO  : 

2018-07-03 11:23:04 INFO  : 

2018-07-03 11:23:04 INFO  : ----------------------------------------------------

2018-07-03 11:23:04 INFO  : 

2018-07-03 11:23:04 WARN  : 

2018-07-03 11:23:04 WARN  : Driver Quit

2018-07-03 11:23:04 WARN  : 

2018-07-03 11:23:04 INFO  : 

2018-07-03 11:23:04 INFO  : 

2018-07-03 11:23:04 INFO  : 

2018-07-03 11:23:04 INFO  : XXXXXXXXXXXXXXXXXXXXXXX    -E--N--D-    XXXXXXXXXXXXXXXXXXXXXX

2018-07-03 11:23:04 INFO  : 

2018-07-03 11:26:50 INFO  : 

2018-07-03 11:26:50 INFO  : $$$$$$$$$$$$$$$$$$$$$$$    -S-T-A-R-T-    $$$$$$$$$$$$$$$$$$$$$$$

2018-07-03 11:26:50 INFO  : 

2018-07-03 11:26:50 INFO  : 

2018-07-03 11:26:50 INFO  : ------------------------ TESTCASE SETUP --------------------------------- 

2018-07-03 11:26:50 INFO  : 

2018-07-03 11:26:50 INFO  : 

2018-07-03 11:26:50 INFO  : 	Browser     : chrome

2018-07-03 11:26:50 INFO  : 	Zone        : INT

2018-07-03 11:26:50 INFO  : 	Log Dir     : /log/

2018-07-03 11:26:50 INFO  : 

2018-07-03 11:26:50 INFO  : 

2018-07-03 11:26:50 INFO  : ---------------------------------------------------------------------------

2018-07-03 11:26:50 INFO  : 

2018-07-03 11:26:50 INFO  : 

2018-07-03 11:26:50 INFO  : ------------------------ Connection DB --------------------------------- 

2018-07-03 11:26:50 INFO  : 

2018-07-03 11:26:50 INFO  : 

2018-07-03 11:26:50 INFO  : ---------------------------------------------------------------------------

2018-07-03 11:26:50 INFO  : 

2018-07-03 11:26:50 INFO  : 

2018-07-03 11:26:50 INFO  : -----------> Lunching Chrome <-----------

2018-07-03 11:27:11 INFO  : ----------------------------------------------------

2018-07-03 11:27:11 INFO  : 

2018-07-03 11:27:11 INFO  : 

2018-07-03 11:27:11 INFO  : STATUS : failed

2018-07-03 11:27:11 INFO  : 

2018-07-03 11:27:11 INFO  : 

2018-07-03 11:27:11 INFO  : ----------------------------------------------------

2018-07-03 11:31:29 INFO  : 

2018-07-03 11:31:29 INFO  : $$$$$$$$$$$$$$$$$$$$$$$    -S-T-A-R-T-    $$$$$$$$$$$$$$$$$$$$$$$

2018-07-03 11:31:29 INFO  : 

2018-07-03 11:31:29 INFO  : 

2018-07-03 11:31:29 INFO  : ------------------------ TESTCASE SETUP --------------------------------- 

2018-07-03 11:31:29 INFO  : 

2018-07-03 11:31:29 INFO  : 

2018-07-03 11:31:29 INFO  : 	Browser     : chrome

2018-07-03 11:31:29 INFO  : 	Zone        : INT

2018-07-03 11:31:29 INFO  : 	Log Dir     : /log/

2018-07-03 11:31:29 INFO  : 

2018-07-03 11:31:29 INFO  : 

2018-07-03 11:31:29 INFO  : ---------------------------------------------------------------------------

2018-07-03 11:31:29 INFO  : 

2018-07-03 11:31:29 INFO  : 

2018-07-03 11:31:29 INFO  : ------------------------ Connection DB --------------------------------- 

2018-07-03 11:31:29 INFO  : 

2018-07-03 11:31:29 INFO  : 

2018-07-03 11:31:29 INFO  : ---------------------------------------------------------------------------

2018-07-03 11:31:29 INFO  : 

2018-07-03 11:31:29 INFO  : 

2018-07-03 11:31:29 INFO  : -----------> Lunching Chrome <-----------

2018-07-03 11:31:29 INFO  : ----------------------------------------------------

2018-07-03 11:31:29 INFO  : 

2018-07-03 11:31:29 INFO  : 

2018-07-03 11:31:29 INFO  : STATUS : failed

2018-07-03 11:31:29 INFO  : 

2018-07-03 11:31:29 INFO  : 

2018-07-03 11:31:29 INFO  : ----------------------------------------------------

2018-07-03 11:34:32 INFO  : 

2018-07-03 11:34:32 INFO  : $$$$$$$$$$$$$$$$$$$$$$$    -S-T-A-R-T-    $$$$$$$$$$$$$$$$$$$$$$$

2018-07-03 11:34:32 INFO  : 

2018-07-03 11:34:32 INFO  : 

2018-07-03 11:34:32 INFO  : ------------------------ TESTCASE SETUP --------------------------------- 

2018-07-03 11:34:32 INFO  : 

2018-07-03 11:34:32 INFO  : 

2018-07-03 11:34:32 INFO  : 	Browser     : chrome

2018-07-03 11:34:32 INFO  : 	Zone        : INT

2018-07-03 11:34:32 INFO  : 	Log Dir     : /log/

2018-07-03 11:34:32 INFO  : 

2018-07-03 11:34:32 INFO  : 

2018-07-03 11:34:32 INFO  : ---------------------------------------------------------------------------

2018-07-03 11:34:32 INFO  : 

2018-07-03 11:34:32 INFO  : 

2018-07-03 11:34:32 INFO  : ------------------------ Connection DB --------------------------------- 

2018-07-03 11:34:32 INFO  : 

2018-07-03 11:34:32 INFO  : 

2018-07-03 11:34:32 INFO  : ---------------------------------------------------------------------------

2018-07-03 11:34:32 INFO  : 

2018-07-03 11:34:32 INFO  : 

2018-07-03 11:34:32 INFO  : -----------> Lunching Chrome <-----------

2018-07-03 11:34:34 INFO  : 

2018-07-03 11:34:34 INFO  : ----------------------------------------------------

2018-07-03 11:34:34 INFO  : 

2018-07-03 11:34:34 INFO  : Scenario :: Open Hotwire

2018-07-03 11:34:34 INFO  : 

2018-07-03 11:34:34 INFO  : ----------------------------------------------------

2018-07-03 11:34:34 INFO  : 

2018-07-03 11:34:34 INFO  : 

2018-07-03 11:34:34 INFO  : Opening URL : https://www.hotwire.com/

2018-07-03 11:34:39 INFO  : Cheap Hotels, Cars, Airfare | Last Minute Travel Deals | Hotwire

2018-07-03 11:34:39 INFO  :  ----------------------------- 

2018-07-03 11:34:39 INFO  : ----------------------------------------------------

2018-07-03 11:34:39 INFO  : 

2018-07-03 11:34:39 INFO  : 

2018-07-03 11:34:39 INFO  : STATUS : passed

2018-07-03 11:34:39 INFO  : 

2018-07-03 11:34:39 INFO  : 

2018-07-03 11:34:39 INFO  : ----------------------------------------------------

2018-07-03 11:34:39 INFO  : 

2018-07-03 11:34:39 WARN  : 

2018-07-03 11:34:39 WARN  : Driver Quit

2018-07-03 11:34:39 WARN  : 

2018-07-03 11:34:40 INFO  : 

2018-07-03 11:34:40 INFO  : 

2018-07-03 11:34:40 INFO  : 

2018-07-03 11:34:40 INFO  : XXXXXXXXXXXXXXXXXXXXXXX    -E--N--D-    XXXXXXXXXXXXXXXXXXXXXX

2018-07-03 11:34:40 INFO  : 

2018-07-03 12:37:32 INFO  : 

2018-07-03 12:37:32 INFO  : $$$$$$$$$$$$$$$$$$$$$$$    -S-T-A-R-T-    $$$$$$$$$$$$$$$$$$$$$$$

2018-07-03 12:37:32 INFO  : 

2018-07-03 12:37:32 INFO  : 

2018-07-03 12:37:32 INFO  : ------------------------ TESTCASE SETUP --------------------------------- 

2018-07-03 12:37:32 INFO  : 

2018-07-03 12:37:32 INFO  : 

2018-07-03 12:37:32 INFO  : 	Browser     : chrome

2018-07-03 12:37:32 INFO  : 	Zone        : INT

2018-07-03 12:37:32 INFO  : 	Log Dir     : /log/

2018-07-03 12:37:32 INFO  : 

2018-07-03 12:37:32 INFO  : 

2018-07-03 12:37:32 INFO  : ---------------------------------------------------------------------------

2018-07-03 12:37:32 INFO  : 

2018-07-03 12:37:32 INFO  : 

2018-07-03 12:37:32 INFO  : 

2018-07-03 12:37:32 INFO  : 

2018-07-03 12:37:32 INFO  : -----------> Lunching Chrome <-----------

2018-07-03 12:37:34 INFO  : 

2018-07-03 12:37:34 INFO  : ----------------------------------------------------

2018-07-03 12:37:34 INFO  : 

2018-07-03 12:37:34 INFO  : Scenario :: Open Hotwire

2018-07-03 12:37:34 INFO  : 

2018-07-03 12:37:34 INFO  : ----------------------------------------------------

2018-07-03 12:37:34 INFO  : 

2018-07-03 12:37:34 INFO  : 

2018-07-03 12:37:34 INFO  : Opening URL : https://www.hotwire.com/

2018-07-03 12:38:15 INFO  : Cheap Hotels, Cars, Airfare | Last Minute Travel Deals | Hotwire

2018-07-03 12:38:15 INFO  :  ----------------------------- 

2018-07-03 12:38:15 INFO  : ----------------------------------------------------

2018-07-03 12:38:15 INFO  : 

2018-07-03 12:38:15 INFO  : 

2018-07-03 12:38:15 INFO  : STATUS : passed

2018-07-03 12:38:15 INFO  : 

2018-07-03 12:38:15 INFO  : 

2018-07-03 12:38:15 INFO  : ----------------------------------------------------

2018-07-03 12:38:15 INFO  : 

2018-07-03 12:38:15 WARN  : 

2018-07-03 12:38:15 WARN  : Driver Quit

2018-07-03 12:38:15 WARN  : 

2018-07-03 12:38:15 INFO  : 

2018-07-03 12:38:15 INFO  : 

2018-07-03 12:38:15 INFO  : 

2018-07-03 12:38:15 INFO  : XXXXXXXXXXXXXXXXXXXXXXX    -E--N--D-    XXXXXXXXXXXXXXXXXXXXXX

2018-07-03 12:38:15 INFO  : 

2018-07-03 13:49:46 INFO  : 

2018-07-03 13:49:46 INFO  : $$$$$$$$$$$$$$$$$$$$$$$    -S-T-A-R-T-    $$$$$$$$$$$$$$$$$$$$$$$

2018-07-03 13:49:46 INFO  : 

2018-07-03 13:49:46 INFO  : 

2018-07-03 13:49:46 INFO  : ------------------------ TESTCASE SETUP --------------------------------- 

2018-07-03 13:49:46 INFO  : 

2018-07-03 13:49:46 INFO  : 

2018-07-03 13:49:46 INFO  : 	Browser     : chrome

2018-07-03 13:49:46 INFO  : 	Zone        : INT

2018-07-03 13:49:46 INFO  : 	Log Dir     : /log/

2018-07-03 13:49:46 INFO  : 

2018-07-03 13:49:46 INFO  : 

2018-07-03 13:49:46 INFO  : ---------------------------------------------------------------------------

2018-07-03 13:49:46 INFO  : 

2018-07-03 13:49:46 INFO  : 

2018-07-03 13:49:46 INFO  : 

2018-07-03 13:49:46 INFO  : 

2018-07-03 13:49:46 INFO  : -----------> Lunching Chrome <-----------

2018-07-03 13:49:48 INFO  : 

2018-07-03 13:49:48 INFO  : ----------------------------------------------------

2018-07-03 13:49:48 INFO  : 

2018-07-03 13:49:48 INFO  : Scenario :: Open Hotwire

2018-07-03 13:49:48 INFO  : 

2018-07-03 13:49:48 INFO  : ----------------------------------------------------

2018-07-03 13:49:48 INFO  : 

2018-07-03 13:49:49 INFO  : 

2018-07-03 13:49:49 INFO  : Opening URL : https://www.hotwire.com/

2018-07-03 13:49:55 INFO  : Cheap Hotels, Cars, Airfare | Last Minute Travel Deals | Hotwire

2018-07-03 13:49:55 INFO  :  ----------------------------- 

2018-07-03 13:49:55 INFO  : ----------------------------------------------------

2018-07-03 13:49:55 INFO  : 

2018-07-03 13:49:55 INFO  : 

2018-07-03 13:49:55 INFO  : STATUS : passed

2018-07-03 13:49:55 INFO  : 

2018-07-03 13:49:55 INFO  : 

2018-07-03 13:49:55 INFO  : ----------------------------------------------------

2018-07-03 13:49:55 INFO  : 

2018-07-03 13:49:55 WARN  : 

2018-07-03 13:49:55 WARN  : Driver Quit

2018-07-03 13:49:55 WARN  : 

2018-07-03 13:49:56 INFO  : 

2018-07-03 13:49:56 INFO  : 

2018-07-03 13:49:56 INFO  : 

2018-07-03 13:49:56 INFO  : XXXXXXXXXXXXXXXXXXXXXXX    -E--N--D-    XXXXXXXXXXXXXXXXXXXXXX

2018-07-03 13:49:56 INFO  : 

2018-07-03 13:50:18 INFO  : 

2018-07-03 13:50:18 INFO  : $$$$$$$$$$$$$$$$$$$$$$$    -S-T-A-R-T-    $$$$$$$$$$$$$$$$$$$$$$$

2018-07-03 13:50:18 INFO  : 

2018-07-03 13:50:18 INFO  : 

2018-07-03 13:50:18 INFO  : ------------------------ TESTCASE SETUP --------------------------------- 

2018-07-03 13:50:18 INFO  : 

2018-07-03 13:50:18 INFO  : 

2018-07-03 13:50:18 INFO  : 	Browser     : chrome

2018-07-03 13:50:18 INFO  : 	Zone        : INT

2018-07-03 13:50:18 INFO  : 	Log Dir     : /log/

2018-07-03 13:50:18 INFO  : 

2018-07-03 13:50:18 INFO  : 

2018-07-03 13:50:18 INFO  : ---------------------------------------------------------------------------

2018-07-03 13:50:18 INFO  : 

2018-07-03 13:50:18 INFO  : 

2018-07-03 13:50:18 INFO  : 

2018-07-03 13:50:18 INFO  : 

2018-07-03 13:50:18 INFO  : -----------> Lunching Chrome <-----------

2018-07-03 13:50:20 INFO  : 

2018-07-03 13:50:20 INFO  : ----------------------------------------------------

2018-07-03 13:50:20 INFO  : 

2018-07-03 13:50:20 INFO  : Scenario :: Open Hotwire

2018-07-03 13:50:20 INFO  : 

2018-07-03 13:50:20 INFO  : ----------------------------------------------------

2018-07-03 13:50:20 INFO  : 

2018-07-03 13:50:21 INFO  : 

2018-07-03 13:50:21 INFO  : Opening URL : https://www.hotwire.com/

2018-07-03 13:51:36 INFO  : ----------------------------------------------------

2018-07-03 13:51:36 INFO  : 

2018-07-03 13:51:36 INFO  : 

2018-07-03 13:51:36 INFO  : STATUS : failed

2018-07-03 13:51:36 INFO  : 

2018-07-03 13:51:36 INFO  : 

2018-07-03 13:51:36 INFO  : ----------------------------------------------------

2018-07-03 20:49:11 INFO  : 

2018-07-03 20:49:11 INFO  : $$$$$$$$$$$$$$$$$$$$$$$    -S-T-A-R-T-    $$$$$$$$$$$$$$$$$$$$$$$

2018-07-03 20:49:11 INFO  : 

2018-07-03 20:49:11 INFO  : 

2018-07-03 20:49:11 INFO  : ------------------------ TESTCASE SETUP --------------------------------- 

2018-07-03 20:49:11 INFO  : 

2018-07-03 20:49:11 INFO  : 

2018-07-03 20:49:11 INFO  : 	Browser     : chrome

2018-07-03 20:49:11 INFO  : 	Zone        : INT

2018-07-03 20:49:11 INFO  : 	Log Dir     : /log/

2018-07-03 20:49:11 INFO  : 

2018-07-03 20:49:11 INFO  : 

2018-07-03 20:49:11 INFO  : ---------------------------------------------------------------------------

2018-07-03 20:49:11 INFO  : 

2018-07-03 20:49:11 INFO  : 

2018-07-03 20:49:11 INFO  : 

2018-07-03 20:49:11 INFO  : 

2018-07-03 20:49:11 INFO  : -----------> Lunching Chrome <-----------

2018-07-03 20:49:13 INFO  : 

2018-07-03 20:49:13 INFO  : ----------------------------------------------------

2018-07-03 20:49:13 INFO  : 

2018-07-03 20:49:13 INFO  : Scenario :: Boook a car for a week

2018-07-03 20:49:13 INFO  : 

2018-07-03 20:49:13 INFO  : ----------------------------------------------------

2018-07-03 20:49:13 INFO  : 

2018-07-03 20:49:13 INFO  : 

2018-07-03 20:49:13 INFO  : Opening URL : https://www.hotwire.com/

2018-07-03 20:49:19 INFO  : Cheap Hotels, Cars, Airfare | Last Minute Travel Deals | Hotwire

2018-07-03 20:49:19 INFO  : Goto Car Tab

2018-07-03 20:49:19 INFO  : ----------------------------------------------------

2018-07-03 20:49:19 INFO  : 

2018-07-03 20:49:19 INFO  : 

2018-07-03 20:49:19 INFO  : STATUS : failed

2018-07-03 20:49:19 INFO  : 

2018-07-03 20:49:19 INFO  : 

2018-07-03 20:49:19 INFO  : ----------------------------------------------------

2018-07-03 20:49:21 INFO  : 

2018-07-03 20:49:21 WARN  : 

2018-07-03 20:49:21 WARN  : Driver Quit

2018-07-03 20:49:21 WARN  : 

2018-07-03 20:49:21 INFO  : 

2018-07-03 20:49:21 INFO  : 

2018-07-03 20:49:21 INFO  : 

2018-07-03 20:49:21 INFO  : XXXXXXXXXXXXXXXXXXXXXXX    -E--N--D-    XXXXXXXXXXXXXXXXXXXXXX

2018-07-03 20:49:21 INFO  : 

2018-07-03 20:55:28 INFO  : 

2018-07-03 20:55:28 INFO  : $$$$$$$$$$$$$$$$$$$$$$$    -S-T-A-R-T-    $$$$$$$$$$$$$$$$$$$$$$$

2018-07-03 20:55:28 INFO  : 

2018-07-03 20:55:28 INFO  : 

2018-07-03 20:55:28 INFO  : ------------------------ TESTCASE SETUP --------------------------------- 

2018-07-03 20:55:28 INFO  : 

2018-07-03 20:55:28 INFO  : 

2018-07-03 20:55:28 INFO  : 	Browser     : chrome

2018-07-03 20:55:28 INFO  : 	Zone        : INT

2018-07-03 20:55:28 INFO  : 	Log Dir     : /log/

2018-07-03 20:55:28 INFO  : 

2018-07-03 20:55:28 INFO  : 

2018-07-03 20:55:28 INFO  : ---------------------------------------------------------------------------

2018-07-03 20:55:28 INFO  : 

2018-07-03 20:55:28 INFO  : 

2018-07-03 20:55:28 INFO  : 

2018-07-03 20:55:28 INFO  : 

2018-07-03 20:55:28 INFO  : -----------> Lunching Chrome <-----------

2018-07-03 20:55:30 INFO  : 

2018-07-03 20:55:30 INFO  : ----------------------------------------------------

2018-07-03 20:55:30 INFO  : 

2018-07-03 20:55:30 INFO  : Scenario :: Boook a car for a week

2018-07-03 20:55:30 INFO  : 

2018-07-03 20:55:30 INFO  : ----------------------------------------------------

2018-07-03 20:55:30 INFO  : 

2018-07-03 20:55:30 INFO  : 

2018-07-03 20:55:30 INFO  : Opening URL : https://www.hotwire.com/

2018-07-03 20:55:34 INFO  : Cheap Hotels, Cars, Airfare | Last Minute Travel Deals | Hotwire

2018-07-03 20:55:34 INFO  : Goto Car Tab

2018-07-03 20:55:35 INFO  : ----------------------------------------------------

2018-07-03 20:55:35 INFO  : 

2018-07-03 20:55:35 INFO  : 

2018-07-03 20:55:35 INFO  : STATUS : pending

2018-07-03 20:55:35 INFO  : 

2018-07-03 20:55:35 INFO  : 

2018-07-03 20:55:35 INFO  : ----------------------------------------------------

2018-07-03 20:55:35 INFO  : 

2018-07-03 20:55:35 WARN  : 

2018-07-03 20:55:35 WARN  : Driver Quit

2018-07-03 20:55:35 WARN  : 

2018-07-03 20:55:36 INFO  : 

2018-07-03 20:55:36 INFO  : 

2018-07-03 20:55:36 INFO  : 

2018-07-03 20:55:36 INFO  : XXXXXXXXXXXXXXXXXXXXXXX    -E--N--D-    XXXXXXXXXXXXXXXXXXXXXX

2018-07-03 20:55:36 INFO  : 

2018-07-03 20:55:52 INFO  : 

2018-07-03 20:55:52 INFO  : $$$$$$$$$$$$$$$$$$$$$$$    -S-T-A-R-T-    $$$$$$$$$$$$$$$$$$$$$$$

2018-07-03 20:55:52 INFO  : 

2018-07-03 20:55:52 INFO  : 

2018-07-03 20:55:52 INFO  : ------------------------ TESTCASE SETUP --------------------------------- 

2018-07-03 20:55:52 INFO  : 

2018-07-03 20:55:52 INFO  : 

2018-07-03 20:55:52 INFO  : 	Browser     : chrome

2018-07-03 20:55:52 INFO  : 	Zone        : INT

2018-07-03 20:55:52 INFO  : 	Log Dir     : /log/

2018-07-03 20:55:52 INFO  : 

2018-07-03 20:55:52 INFO  : 

2018-07-03 20:55:52 INFO  : ---------------------------------------------------------------------------

2018-07-03 20:55:52 INFO  : 

2018-07-03 20:55:52 INFO  : 

2018-07-03 20:55:52 INFO  : 

2018-07-03 20:55:52 INFO  : 

2018-07-03 20:55:52 INFO  : -----------> Lunching Chrome <-----------

2018-07-03 20:55:53 INFO  : 

2018-07-03 20:55:53 INFO  : ----------------------------------------------------

2018-07-03 20:55:53 INFO  : 

2018-07-03 20:55:53 INFO  : Scenario :: Boook a car for a week

2018-07-03 20:55:53 INFO  : 

2018-07-03 20:55:53 INFO  : ----------------------------------------------------

2018-07-03 20:55:53 INFO  : 

2018-07-03 20:55:54 INFO  : 

2018-07-03 20:55:54 INFO  : Opening URL : https://www.hotwire.com/

2018-07-03 20:55:58 INFO  : Cheap Hotels, Cars, Airfare | Last Minute Travel Deals | Hotwire

2018-07-03 20:55:58 INFO  : Goto Car Tab

2018-07-03 20:55:58 INFO  : ----------------------------------------------------

2018-07-03 20:55:58 INFO  : 

2018-07-03 20:55:58 INFO  : 

2018-07-03 20:55:58 INFO  : STATUS : failed

2018-07-03 20:55:58 INFO  : 

2018-07-03 20:55:58 INFO  : 

2018-07-03 20:55:58 INFO  : ----------------------------------------------------

2018-07-03 20:56:00 INFO  : 

2018-07-03 20:56:00 WARN  : 

2018-07-03 20:56:00 WARN  : Driver Quit

2018-07-03 20:56:00 WARN  : 

2018-07-03 20:56:00 INFO  : 

2018-07-03 20:56:00 INFO  : 

2018-07-03 20:56:00 INFO  : 

2018-07-03 20:56:00 INFO  : XXXXXXXXXXXXXXXXXXXXXXX    -E--N--D-    XXXXXXXXXXXXXXXXXXXXXX

2018-07-03 20:56:00 INFO  : 

2018-07-03 21:00:29 INFO  : 

2018-07-03 21:00:29 INFO  : $$$$$$$$$$$$$$$$$$$$$$$    -S-T-A-R-T-    $$$$$$$$$$$$$$$$$$$$$$$

2018-07-03 21:00:29 INFO  : 

2018-07-03 21:00:29 INFO  : 

2018-07-03 21:00:29 INFO  : ------------------------ TESTCASE SETUP --------------------------------- 

2018-07-03 21:00:29 INFO  : 

2018-07-03 21:00:29 INFO  : 

2018-07-03 21:00:29 INFO  : 	Browser     : chrome

2018-07-03 21:00:29 INFO  : 	Zone        : INT

2018-07-03 21:00:29 INFO  : 	Log Dir     : /log/

2018-07-03 21:00:29 INFO  : 

2018-07-03 21:00:29 INFO  : 

2018-07-03 21:00:29 INFO  : ---------------------------------------------------------------------------

2018-07-03 21:00:29 INFO  : 

2018-07-03 21:00:29 INFO  : 

2018-07-03 21:00:29 INFO  : 

2018-07-03 21:00:29 INFO  : 

2018-07-03 21:00:29 INFO  : -----------> Lunching Chrome <-----------

2018-07-03 21:00:31 INFO  : 

2018-07-03 21:00:31 INFO  : ----------------------------------------------------

2018-07-03 21:00:31 INFO  : 

2018-07-03 21:00:31 INFO  : Scenario :: Boook a car for a week

2018-07-03 21:00:31 INFO  : 

2018-07-03 21:00:31 INFO  : ----------------------------------------------------

2018-07-03 21:00:31 INFO  : 

2018-07-03 21:00:32 INFO  : 

2018-07-03 21:00:32 INFO  : Opening URL : https://www.hotwire.com/

2018-07-03 21:00:36 INFO  : Cheap Hotels, Cars, Airfare | Last Minute Travel Deals | Hotwire

2018-07-03 21:00:36 INFO  : Goto Car Tab

2018-07-03 21:00:38 INFO  : ----------------------------------------------------

2018-07-03 21:00:38 INFO  : 

2018-07-03 21:00:38 INFO  : 

2018-07-03 21:00:38 INFO  : STATUS : pending

2018-07-03 21:00:38 INFO  : 

2018-07-03 21:00:38 INFO  : 

2018-07-03 21:00:38 INFO  : ----------------------------------------------------

2018-07-03 21:00:38 INFO  : 

2018-07-03 21:00:38 WARN  : 

2018-07-03 21:00:38 WARN  : Driver Quit

2018-07-03 21:00:38 WARN  : 

2018-07-03 21:00:38 INFO  : 

2018-07-03 21:00:38 INFO  : 

2018-07-03 21:00:38 INFO  : 

2018-07-03 21:00:38 INFO  : XXXXXXXXXXXXXXXXXXXXXXX    -E--N--D-    XXXXXXXXXXXXXXXXXXXXXX

2018-07-03 21:00:38 INFO  : 

2018-07-03 21:00:48 INFO  : 

2018-07-03 21:00:48 INFO  : $$$$$$$$$$$$$$$$$$$$$$$    -S-T-A-R-T-    $$$$$$$$$$$$$$$$$$$$$$$

2018-07-03 21:00:48 INFO  : 

2018-07-03 21:00:48 INFO  : 

2018-07-03 21:00:48 INFO  : ------------------------ TESTCASE SETUP --------------------------------- 

2018-07-03 21:00:48 INFO  : 

2018-07-03 21:00:48 INFO  : 

2018-07-03 21:00:48 INFO  : 	Browser     : chrome

2018-07-03 21:00:48 INFO  : 	Zone        : INT

2018-07-03 21:00:48 INFO  : 	Log Dir     : /log/

2018-07-03 21:00:48 INFO  : 

2018-07-03 21:00:48 INFO  : 

2018-07-03 21:00:48 INFO  : ---------------------------------------------------------------------------

2018-07-03 21:00:48 INFO  : 

2018-07-03 21:00:48 INFO  : 

2018-07-03 21:00:48 INFO  : 

2018-07-03 21:00:48 INFO  : 

2018-07-03 21:00:48 INFO  : -----------> Lunching Chrome <-----------

2018-07-03 21:00:50 INFO  : 

2018-07-03 21:00:50 INFO  : ----------------------------------------------------

2018-07-03 21:00:50 INFO  : 

2018-07-03 21:00:50 INFO  : Scenario :: Boook a car for a week

2018-07-03 21:00:50 INFO  : 

2018-07-03 21:00:50 INFO  : ----------------------------------------------------

2018-07-03 21:00:50 INFO  : 

2018-07-03 21:00:50 INFO  : 

2018-07-03 21:00:50 INFO  : Opening URL : https://www.hotwire.com/

2018-07-03 21:00:55 INFO  : Cheap Hotels, Cars, Airfare | Last Minute Travel Deals | Hotwire

2018-07-03 21:00:55 INFO  : Goto Car Tab

2018-07-03 21:00:55 INFO  : ----------------------------------------------------

2018-07-03 21:00:55 INFO  : 

2018-07-03 21:00:55 INFO  : 

2018-07-03 21:00:55 INFO  : STATUS : failed

2018-07-03 21:00:55 INFO  : 

2018-07-03 21:00:55 INFO  : 

2018-07-03 21:00:55 INFO  : ----------------------------------------------------

2018-07-03 21:01:04 INFO  : 

2018-07-03 21:01:04 WARN  : 

2018-07-03 21:01:04 WARN  : Driver Quit

2018-07-03 21:01:04 WARN  : 

2018-07-03 21:01:04 INFO  : 

2018-07-03 21:01:04 INFO  : 

2018-07-03 21:01:04 INFO  : 

2018-07-03 21:01:04 INFO  : XXXXXXXXXXXXXXXXXXXXXXX    -E--N--D-    XXXXXXXXXXXXXXXXXXXXXX

2018-07-03 21:01:04 INFO  : 

2018-07-03 21:05:59 INFO  : 

2018-07-03 21:05:59 INFO  : $$$$$$$$$$$$$$$$$$$$$$$    -S-T-A-R-T-    $$$$$$$$$$$$$$$$$$$$$$$

2018-07-03 21:05:59 INFO  : 

2018-07-03 21:05:59 INFO  : 

2018-07-03 21:05:59 INFO  : ------------------------ TESTCASE SETUP --------------------------------- 

2018-07-03 21:05:59 INFO  : 

2018-07-03 21:05:59 INFO  : 

2018-07-03 21:05:59 INFO  : 	Browser     : chrome

2018-07-03 21:05:59 INFO  : 	Zone        : INT

2018-07-03 21:05:59 INFO  : 	Log Dir     : /log/

2018-07-03 21:05:59 INFO  : 

2018-07-03 21:05:59 INFO  : 

2018-07-03 21:05:59 INFO  : ---------------------------------------------------------------------------

2018-07-03 21:05:59 INFO  : 

2018-07-03 21:05:59 INFO  : 

2018-07-03 21:05:59 INFO  : 

2018-07-03 21:05:59 INFO  : 

2018-07-03 21:05:59 INFO  : -----------> Lunching Chrome <-----------

2018-07-03 21:06:01 INFO  : 

2018-07-03 21:06:01 INFO  : ----------------------------------------------------

2018-07-03 21:06:01 INFO  : 

2018-07-03 21:06:01 INFO  : Scenario :: Boook a car for a week

2018-07-03 21:06:01 INFO  : 

2018-07-03 21:06:01 INFO  : ----------------------------------------------------

2018-07-03 21:06:01 INFO  : 

2018-07-03 21:06:01 INFO  : 

2018-07-03 21:06:01 INFO  : Opening URL : https://www.hotwire.com/

2018-07-03 21:06:07 INFO  : Cheap Hotels, Cars, Airfare | Last Minute Travel Deals | Hotwire

2018-07-03 21:06:07 INFO  : Goto Car Tab

2018-07-03 21:06:08 INFO  : ----------------------------------------------------

2018-07-03 21:06:08 INFO  : 

2018-07-03 21:06:08 INFO  : 

2018-07-03 21:06:08 INFO  : STATUS : failed

2018-07-03 21:06:08 INFO  : 

2018-07-03 21:06:08 INFO  : 

2018-07-03 21:06:08 INFO  : ----------------------------------------------------

2018-07-03 21:06:09 INFO  : 

2018-07-03 21:06:09 WARN  : 

2018-07-03 21:06:09 WARN  : Driver Quit

2018-07-03 21:06:09 WARN  : 

2018-07-03 21:06:09 INFO  : 

2018-07-03 21:06:09 INFO  : 

2018-07-03 21:06:09 INFO  : 

2018-07-03 21:06:09 INFO  : XXXXXXXXXXXXXXXXXXXXXXX    -E--N--D-    XXXXXXXXXXXXXXXXXXXXXX

2018-07-03 21:06:09 INFO  : 

2018-07-03 21:07:46 INFO  : 

2018-07-03 21:07:46 INFO  : $$$$$$$$$$$$$$$$$$$$$$$    -S-T-A-R-T-    $$$$$$$$$$$$$$$$$$$$$$$

2018-07-03 21:07:46 INFO  : 

2018-07-03 21:07:46 INFO  : 

2018-07-03 21:07:46 INFO  : ------------------------ TESTCASE SETUP --------------------------------- 

2018-07-03 21:07:46 INFO  : 

2018-07-03 21:07:46 INFO  : 

2018-07-03 21:07:46 INFO  : 	Browser     : chrome

2018-07-03 21:07:46 INFO  : 	Zone        : INT

2018-07-03 21:07:46 INFO  : 	Log Dir     : /log/

2018-07-03 21:07:46 INFO  : 

2018-07-03 21:07:46 INFO  : 

2018-07-03 21:07:46 INFO  : ---------------------------------------------------------------------------

2018-07-03 21:07:46 INFO  : 

2018-07-03 21:07:46 INFO  : 

2018-07-03 21:07:46 INFO  : 

2018-07-03 21:07:46 INFO  : 

2018-07-03 21:07:46 INFO  : -----------> Lunching Chrome <-----------

2018-07-03 21:07:48 INFO  : 

2018-07-03 21:07:48 INFO  : ----------------------------------------------------

2018-07-03 21:07:48 INFO  : 

2018-07-03 21:07:48 INFO  : Scenario :: Boook a car for a week

2018-07-03 21:07:48 INFO  : 

2018-07-03 21:07:48 INFO  : ----------------------------------------------------

2018-07-03 21:07:48 INFO  : 

2018-07-03 21:07:49 INFO  : 

2018-07-03 21:07:49 INFO  : Opening URL : https://www.hotwire.com/

2018-07-03 21:07:53 INFO  : Cheap Hotels, Cars, Airfare | Last Minute Travel Deals | Hotwire

2018-07-03 21:07:53 INFO  : Goto Car Tab

2018-07-03 21:09:23 INFO  : 

2018-07-03 21:09:23 INFO  : $$$$$$$$$$$$$$$$$$$$$$$    -S-T-A-R-T-    $$$$$$$$$$$$$$$$$$$$$$$

2018-07-03 21:09:23 INFO  : 

2018-07-03 21:09:23 INFO  : 

2018-07-03 21:09:23 INFO  : ------------------------ TESTCASE SETUP --------------------------------- 

2018-07-03 21:09:23 INFO  : 

2018-07-03 21:09:23 INFO  : 

2018-07-03 21:09:23 INFO  : 	Browser     : chrome

2018-07-03 21:09:23 INFO  : 	Zone        : INT

2018-07-03 21:09:23 INFO  : 	Log Dir     : /log/

2018-07-03 21:09:23 INFO  : 

2018-07-03 21:09:23 INFO  : 

2018-07-03 21:09:23 INFO  : ---------------------------------------------------------------------------

2018-07-03 21:09:23 INFO  : 

2018-07-03 21:09:23 INFO  : 

2018-07-03 21:09:23 INFO  : 

2018-07-03 21:09:23 INFO  : 

2018-07-03 21:09:23 INFO  : -----------> Lunching Chrome <-----------

2018-07-03 21:09:24 INFO  : 

2018-07-03 21:09:24 INFO  : ----------------------------------------------------

2018-07-03 21:09:24 INFO  : 

2018-07-03 21:09:24 INFO  : Scenario :: Boook a car for a week

2018-07-03 21:09:24 INFO  : 

2018-07-03 21:09:24 INFO  : ----------------------------------------------------

2018-07-03 21:09:24 INFO  : 

2018-07-03 21:09:24 INFO  : 

2018-07-03 21:09:24 INFO  : Opening URL : https://www.hotwire.com/

2018-07-03 21:09:29 INFO  : Cheap Hotels, Cars, Airfare | Last Minute Travel Deals | Hotwire

2018-07-03 21:09:29 INFO  : Goto Car Tab

2018-07-03 21:10:07 INFO  : 

2018-07-03 21:10:07 INFO  : $$$$$$$$$$$$$$$$$$$$$$$    -S-T-A-R-T-    $$$$$$$$$$$$$$$$$$$$$$$

2018-07-03 21:10:07 INFO  : 

2018-07-03 21:10:07 INFO  : 

2018-07-03 21:10:07 INFO  : ------------------------ TESTCASE SETUP --------------------------------- 

2018-07-03 21:10:07 INFO  : 

2018-07-03 21:10:07 INFO  : 

2018-07-03 21:10:07 INFO  : 	Browser     : chrome

2018-07-03 21:10:07 INFO  : 	Zone        : INT

2018-07-03 21:10:07 INFO  : 	Log Dir     : /log/

2018-07-03 21:10:07 INFO  : 

2018-07-03 21:10:07 INFO  : 

2018-07-03 21:10:07 INFO  : ---------------------------------------------------------------------------

2018-07-03 21:10:07 INFO  : 

2018-07-03 21:10:07 INFO  : 

2018-07-03 21:10:07 INFO  : 

2018-07-03 21:10:07 INFO  : 

2018-07-03 21:10:07 INFO  : -----------> Lunching Chrome <-----------

2018-07-03 21:10:08 INFO  : 

2018-07-03 21:10:08 INFO  : ----------------------------------------------------

2018-07-03 21:10:08 INFO  : 

2018-07-03 21:10:08 INFO  : Scenario :: Boook a car for a week

2018-07-03 21:10:08 INFO  : 

2018-07-03 21:10:08 INFO  : ----------------------------------------------------

2018-07-03 21:10:08 INFO  : 

2018-07-03 21:10:09 INFO  : 

2018-07-03 21:10:09 INFO  : Opening URL : https://www.hotwire.com/

2018-07-03 21:10:12 INFO  : Cheap Hotels, Cars, Airfare | Last Minute Travel Deals | Hotwire

2018-07-03 21:10:12 INFO  : Goto Car Tab

2018-07-03 21:55:13 INFO  : 

2018-07-03 21:55:13 INFO  : $$$$$$$$$$$$$$$$$$$$$$$    -S-T-A-R-T-    $$$$$$$$$$$$$$$$$$$$$$$

2018-07-03 21:55:13 INFO  : 

2018-07-03 21:55:13 INFO  : 

2018-07-03 21:55:13 INFO  : ------------------------ TESTCASE SETUP --------------------------------- 

2018-07-03 21:55:13 INFO  : 

2018-07-03 21:55:13 INFO  : 

2018-07-03 21:55:13 INFO  : 	Browser     : chrome

2018-07-03 21:55:13 INFO  : 	Zone        : INT

2018-07-03 21:55:13 INFO  : 	Log Dir     : /log/

2018-07-03 21:55:13 INFO  : 

2018-07-03 21:55:13 INFO  : 

2018-07-03 21:55:13 INFO  : ---------------------------------------------------------------------------

2018-07-03 21:55:13 INFO  : 

2018-07-03 21:55:13 INFO  : 

2018-07-03 21:55:13 INFO  : 

2018-07-03 21:55:13 INFO  : 

2018-07-03 21:55:13 INFO  : -----------> Lunching Chrome <-----------

2018-07-03 21:55:14 INFO  : 

2018-07-03 21:55:14 INFO  : ----------------------------------------------------

2018-07-03 21:55:14 INFO  : 

2018-07-03 21:55:14 INFO  : Scenario :: Boook a car for a week

2018-07-03 21:55:14 INFO  : 

2018-07-03 21:55:14 INFO  : ----------------------------------------------------

2018-07-03 21:55:14 INFO  : 

2018-07-03 21:55:14 INFO  : 

2018-07-03 21:55:14 INFO  : Opening URL : https://www.hotwire.com/

2018-07-03 21:55:19 INFO  : Cheap Hotels, Cars, Airfare | Last Minute Travel Deals | Hotwire

2018-07-03 21:55:19 INFO  : Goto Car Tab

2018-07-03 22:00:44 INFO  : 

2018-07-03 22:00:44 INFO  : $$$$$$$$$$$$$$$$$$$$$$$    -S-T-A-R-T-    $$$$$$$$$$$$$$$$$$$$$$$

2018-07-03 22:00:44 INFO  : 

2018-07-03 22:00:44 INFO  : 

2018-07-03 22:00:44 INFO  : ------------------------ TESTCASE SETUP --------------------------------- 

2018-07-03 22:00:44 INFO  : 

2018-07-03 22:00:44 INFO  : 

2018-07-03 22:00:44 INFO  : 	Browser     : chrome

2018-07-03 22:00:44 INFO  : 	Zone        : INT

2018-07-03 22:00:44 INFO  : 	Log Dir     : /log/

2018-07-03 22:00:44 INFO  : 

2018-07-03 22:00:44 INFO  : 

2018-07-03 22:00:44 INFO  : ---------------------------------------------------------------------------

2018-07-03 22:00:44 INFO  : 

2018-07-03 22:00:44 INFO  : 

2018-07-03 22:00:44 INFO  : 

2018-07-03 22:00:44 INFO  : 

2018-07-03 22:00:44 INFO  : -----------> Lunching Chrome <-----------

2018-07-03 22:00:46 INFO  : 

2018-07-03 22:00:46 INFO  : ----------------------------------------------------

2018-07-03 22:00:46 INFO  : 

2018-07-03 22:00:46 INFO  : Scenario :: Boook a car for a week

2018-07-03 22:00:46 INFO  : 

2018-07-03 22:00:46 INFO  : ----------------------------------------------------

2018-07-03 22:00:46 INFO  : 

2018-07-03 22:00:46 INFO  : 

2018-07-03 22:00:46 INFO  : Opening URL : https://www.hotwire.com/

2018-07-03 22:00:50 INFO  : Cheap Hotels, Cars, Airfare | Last Minute Travel Deals | Hotwire

2018-07-03 22:00:50 INFO  : Goto Car Tab

2018-07-03 22:00:51 INFO  : Entering location :: Dallas,Tx

2018-07-03 22:03:13 INFO  : 

2018-07-03 22:03:13 INFO  : $$$$$$$$$$$$$$$$$$$$$$$    -S-T-A-R-T-    $$$$$$$$$$$$$$$$$$$$$$$

2018-07-03 22:03:13 INFO  : 

2018-07-03 22:03:13 INFO  : 

2018-07-03 22:03:13 INFO  : ------------------------ TESTCASE SETUP --------------------------------- 

2018-07-03 22:03:13 INFO  : 

2018-07-03 22:03:13 INFO  : 

2018-07-03 22:03:13 INFO  : 	Browser     : chrome

2018-07-03 22:03:13 INFO  : 	Zone        : INT

2018-07-03 22:03:13 INFO  : 	Log Dir     : /log/

2018-07-03 22:03:13 INFO  : 

2018-07-03 22:03:13 INFO  : 

2018-07-03 22:03:13 INFO  : ---------------------------------------------------------------------------

2018-07-03 22:03:13 INFO  : 

2018-07-03 22:03:13 INFO  : 

2018-07-03 22:03:13 INFO  : 

2018-07-03 22:03:13 INFO  : 

2018-07-03 22:03:13 INFO  : -----------> Lunching Chrome <-----------

2018-07-03 22:03:15 INFO  : 

2018-07-03 22:03:15 INFO  : ----------------------------------------------------

2018-07-03 22:03:15 INFO  : 

2018-07-03 22:03:15 INFO  : Scenario :: Boook a car for a week

2018-07-03 22:03:15 INFO  : 

2018-07-03 22:03:15 INFO  : ----------------------------------------------------

2018-07-03 22:03:15 INFO  : 

2018-07-03 22:03:15 INFO  : 

2018-07-03 22:03:15 INFO  : Opening URL : https://www.hotwire.com/

2018-07-03 22:03:19 INFO  : Cheap Hotels, Cars, Airfare | Last Minute Travel Deals | Hotwire

2018-07-03 22:03:19 INFO  : Goto Car Tab

2018-07-03 22:03:19 INFO  : Entering location :: Dallas,Tx

2018-07-03 22:06:35 INFO  : 

2018-07-03 22:06:35 INFO  : $$$$$$$$$$$$$$$$$$$$$$$    -S-T-A-R-T-    $$$$$$$$$$$$$$$$$$$$$$$

2018-07-03 22:06:35 INFO  : 

2018-07-03 22:06:35 INFO  : 

2018-07-03 22:06:35 INFO  : ------------------------ TESTCASE SETUP --------------------------------- 

2018-07-03 22:06:35 INFO  : 

2018-07-03 22:06:35 INFO  : 

2018-07-03 22:06:35 INFO  : 	Browser     : chrome

2018-07-03 22:06:35 INFO  : 	Zone        : INT

2018-07-03 22:06:35 INFO  : 	Log Dir     : /log/

2018-07-03 22:06:35 INFO  : 

2018-07-03 22:06:35 INFO  : 

2018-07-03 22:06:35 INFO  : ---------------------------------------------------------------------------

2018-07-03 22:06:35 INFO  : 

2018-07-03 22:06:35 INFO  : 

2018-07-03 22:06:35 INFO  : 

2018-07-03 22:06:35 INFO  : 

2018-07-03 22:06:35 INFO  : -----------> Lunching Chrome <-----------

2018-07-03 22:06:37 INFO  : 

2018-07-03 22:06:37 INFO  : ----------------------------------------------------

2018-07-03 22:06:37 INFO  : 

2018-07-03 22:06:37 INFO  : Scenario :: Boook a car for a week

2018-07-03 22:06:37 INFO  : 

2018-07-03 22:06:37 INFO  : ----------------------------------------------------

2018-07-03 22:06:37 INFO  : 

2018-07-03 22:06:37 INFO  : 

2018-07-03 22:06:37 INFO  : Opening URL : https://www.hotwire.com/

2018-07-03 22:06:41 INFO  : Cheap Hotels, Cars, Airfare | Last Minute Travel Deals | Hotwire

2018-07-03 22:06:41 INFO  : Goto Car Tab

2018-07-03 22:06:43 INFO  : Entering location :: Dallas,Tx

2018-07-03 22:12:07 INFO  : 

2018-07-03 22:12:07 INFO  : $$$$$$$$$$$$$$$$$$$$$$$    -S-T-A-R-T-    $$$$$$$$$$$$$$$$$$$$$$$

2018-07-03 22:12:07 INFO  : 

2018-07-03 22:12:07 INFO  : 

2018-07-03 22:12:07 INFO  : ------------------------ TESTCASE SETUP --------------------------------- 

2018-07-03 22:12:07 INFO  : 

2018-07-03 22:12:07 INFO  : 

2018-07-03 22:12:07 INFO  : 	Browser     : chrome

2018-07-03 22:12:07 INFO  : 	Zone        : INT

2018-07-03 22:12:07 INFO  : 	Log Dir     : /log/

2018-07-03 22:12:07 INFO  : 

2018-07-03 22:12:07 INFO  : 

2018-07-03 22:12:07 INFO  : ---------------------------------------------------------------------------

2018-07-03 22:12:07 INFO  : 

2018-07-03 22:12:07 INFO  : 

2018-07-03 22:12:07 INFO  : 

2018-07-03 22:12:07 INFO  : 

2018-07-03 22:12:07 INFO  : -----------> Lunching Chrome <-----------

2018-07-03 22:12:09 INFO  : 

2018-07-03 22:12:09 INFO  : ----------------------------------------------------

2018-07-03 22:12:09 INFO  : 

2018-07-03 22:12:09 INFO  : Scenario :: Boook a car for a week

2018-07-03 22:12:09 INFO  : 

2018-07-03 22:12:09 INFO  : ----------------------------------------------------

2018-07-03 22:12:09 INFO  : 

2018-07-03 22:12:09 INFO  : 

2018-07-03 22:12:09 INFO  : Opening URL : https://www.hotwire.com/

2018-07-03 22:12:13 INFO  : Cheap Hotels, Cars, Airfare | Last Minute Travel Deals | Hotwire

2018-07-03 22:12:13 INFO  : Goto Car Tab

2018-07-03 22:12:14 INFO  : Entering location :: Dallas,Tx

2018-07-03 22:54:10 INFO  : 

2018-07-03 22:54:10 INFO  : $$$$$$$$$$$$$$$$$$$$$$$    -S-T-A-R-T-    $$$$$$$$$$$$$$$$$$$$$$$

2018-07-03 22:54:10 INFO  : 

2018-07-03 22:54:10 INFO  : 

2018-07-03 22:54:10 INFO  : ------------------------ TESTCASE SETUP --------------------------------- 

2018-07-03 22:54:10 INFO  : 

2018-07-03 22:54:10 INFO  : 

2018-07-03 22:54:10 INFO  : 	Browser     : chrome

2018-07-03 22:54:10 INFO  : 	Zone        : INT

2018-07-03 22:54:10 INFO  : 	Log Dir     : /log/

2018-07-03 22:54:10 INFO  : 

2018-07-03 22:54:10 INFO  : 

2018-07-03 22:54:10 INFO  : ---------------------------------------------------------------------------

2018-07-03 22:54:10 INFO  : 

2018-07-03 22:54:10 INFO  : 

2018-07-03 22:54:10 INFO  : 

2018-07-03 22:54:10 INFO  : 

2018-07-03 22:54:10 INFO  : -----------> Lunching Chrome <-----------

2018-07-03 22:54:12 INFO  : 

2018-07-03 22:54:12 INFO  : ----------------------------------------------------

2018-07-03 22:54:12 INFO  : 

2018-07-03 22:54:12 INFO  : Scenario :: Boook a car for a week

2018-07-03 22:54:12 INFO  : 

2018-07-03 22:54:12 INFO  : ----------------------------------------------------

2018-07-03 22:54:12 INFO  : 

2018-07-03 22:54:12 INFO  : 

2018-07-03 22:54:12 INFO  : Opening URL : https://www.hotwire.com/

2018-07-03 22:54:16 INFO  : Cheap Hotels, Cars, Airfare | Last Minute Travel Deals | Hotwire

2018-07-03 22:54:16 INFO  : Goto Car Tab

2018-07-03 22:55:57 INFO  : 

2018-07-03 22:55:57 INFO  : $$$$$$$$$$$$$$$$$$$$$$$    -S-T-A-R-T-    $$$$$$$$$$$$$$$$$$$$$$$

2018-07-03 22:55:57 INFO  : 

2018-07-03 22:55:57 INFO  : 

2018-07-03 22:55:57 INFO  : ------------------------ TESTCASE SETUP --------------------------------- 

2018-07-03 22:55:57 INFO  : 

2018-07-03 22:55:57 INFO  : 

2018-07-03 22:55:57 INFO  : 	Browser     : chrome

2018-07-03 22:55:57 INFO  : 	Zone        : INT

2018-07-03 22:55:57 INFO  : 	Log Dir     : /log/

2018-07-03 22:55:57 INFO  : 

2018-07-03 22:55:57 INFO  : 

2018-07-03 22:55:57 INFO  : ---------------------------------------------------------------------------

2018-07-03 22:55:57 INFO  : 

2018-07-03 22:55:57 INFO  : 

2018-07-03 22:55:57 INFO  : 

2018-07-03 22:55:57 INFO  : 

2018-07-03 22:55:57 INFO  : -----------> Lunching Chrome <-----------

2018-07-03 22:55:59 INFO  : 

2018-07-03 22:55:59 INFO  : ----------------------------------------------------

2018-07-03 22:55:59 INFO  : 

2018-07-03 22:55:59 INFO  : Scenario :: Boook a car for a week

2018-07-03 22:55:59 INFO  : 

2018-07-03 22:55:59 INFO  : ----------------------------------------------------

2018-07-03 22:55:59 INFO  : 

2018-07-03 22:55:59 INFO  : 

2018-07-03 22:55:59 INFO  : Opening URL : https://www.hotwire.com/

2018-07-03 22:56:04 INFO  : Cheap Hotels, Cars, Airfare | Last Minute Travel Deals | Hotwire

2018-07-03 22:56:04 INFO  : Goto Car Tab

2018-07-03 22:56:05 INFO  : Entering location :: Dallas,Tx

2018-07-03 23:07:50 INFO  : 

2018-07-03 23:07:50 INFO  : $$$$$$$$$$$$$$$$$$$$$$$    -S-T-A-R-T-    $$$$$$$$$$$$$$$$$$$$$$$

2018-07-03 23:07:50 INFO  : 

2018-07-03 23:07:50 INFO  : 

2018-07-03 23:07:50 INFO  : ------------------------ TESTCASE SETUP --------------------------------- 

2018-07-03 23:07:50 INFO  : 

2018-07-03 23:07:50 INFO  : 

2018-07-03 23:07:50 INFO  : 	Browser     : chrome

2018-07-03 23:07:50 INFO  : 	Zone        : INT

2018-07-03 23:07:50 INFO  : 	Log Dir     : /log/

2018-07-03 23:07:50 INFO  : 

2018-07-03 23:07:50 INFO  : 

2018-07-03 23:07:50 INFO  : ---------------------------------------------------------------------------

2018-07-03 23:07:50 INFO  : 

2018-07-03 23:07:50 INFO  : 

2018-07-03 23:07:50 INFO  : 

2018-07-03 23:07:50 INFO  : 

2018-07-03 23:07:50 INFO  : -----------> Lunching Chrome <-----------

2018-07-03 23:07:52 INFO  : 

2018-07-03 23:07:52 INFO  : ----------------------------------------------------

2018-07-03 23:07:52 INFO  : 

2018-07-03 23:07:52 INFO  : Scenario :: Boook a car for a week

2018-07-03 23:07:52 INFO  : 

2018-07-03 23:07:52 INFO  : ----------------------------------------------------

2018-07-03 23:07:52 INFO  : 

2018-07-03 23:07:52 INFO  : 

2018-07-03 23:07:52 INFO  : Opening URL : https://www.hotwire.com/

2018-07-03 23:07:57 INFO  : Cheap Hotels, Cars, Airfare | Last Minute Travel Deals | Hotwire

2018-07-03 23:07:57 INFO  : Goto Car Tab

2018-07-03 23:07:57 INFO  : Entering location :: Dallas,Tx

2018-07-03 23:11:33 INFO  : 

2018-07-03 23:11:33 INFO  : $$$$$$$$$$$$$$$$$$$$$$$    -S-T-A-R-T-    $$$$$$$$$$$$$$$$$$$$$$$

2018-07-03 23:11:33 INFO  : 

2018-07-03 23:11:33 INFO  : 

2018-07-03 23:11:33 INFO  : ------------------------ TESTCASE SETUP --------------------------------- 

2018-07-03 23:11:33 INFO  : 

2018-07-03 23:11:33 INFO  : 

2018-07-03 23:11:33 INFO  : 	Browser     : chrome

2018-07-03 23:11:33 INFO  : 	Zone        : INT

2018-07-03 23:11:33 INFO  : 	Log Dir     : /log/

2018-07-03 23:11:33 INFO  : 

2018-07-03 23:11:33 INFO  : 

2018-07-03 23:11:33 INFO  : ---------------------------------------------------------------------------

2018-07-03 23:11:33 INFO  : 

2018-07-03 23:11:33 INFO  : 

2018-07-03 23:11:33 INFO  : 

2018-07-03 23:11:33 INFO  : 

2018-07-03 23:11:33 INFO  : -----------> Lunching Chrome <-----------

2018-07-03 23:11:34 INFO  : 

2018-07-03 23:11:34 INFO  : ----------------------------------------------------

2018-07-03 23:11:34 INFO  : 

2018-07-03 23:11:34 INFO  : Scenario :: Boook a car for a week

2018-07-03 23:11:34 INFO  : 

2018-07-03 23:11:34 INFO  : ----------------------------------------------------

2018-07-03 23:11:34 INFO  : 

2018-07-03 23:11:35 INFO  : 

2018-07-03 23:11:35 INFO  : Opening URL : https://www.hotwire.com/

2018-07-03 23:11:40 INFO  : Cheap Hotels, Cars, Airfare | Last Minute Travel Deals | Hotwire

2018-07-03 23:11:40 INFO  : Goto Car Tab

2018-07-03 23:11:40 INFO  : Entering location :: Dallas,Tx

2018-07-03 23:16:11 INFO  : 

2018-07-03 23:16:11 INFO  : $$$$$$$$$$$$$$$$$$$$$$$    -S-T-A-R-T-    $$$$$$$$$$$$$$$$$$$$$$$

2018-07-03 23:16:11 INFO  : 

2018-07-03 23:16:11 INFO  : 

2018-07-03 23:16:11 INFO  : ------------------------ TESTCASE SETUP --------------------------------- 

2018-07-03 23:16:11 INFO  : 

2018-07-03 23:16:11 INFO  : 

2018-07-03 23:16:11 INFO  : 	Browser     : chrome

2018-07-03 23:16:11 INFO  : 	Zone        : INT

2018-07-03 23:16:11 INFO  : 	Log Dir     : /log/

2018-07-03 23:16:11 INFO  : 

2018-07-03 23:16:11 INFO  : 

2018-07-03 23:16:11 INFO  : ---------------------------------------------------------------------------

2018-07-03 23:16:11 INFO  : 

2018-07-03 23:16:11 INFO  : 

2018-07-03 23:16:11 INFO  : 

2018-07-03 23:16:11 INFO  : 

2018-07-03 23:16:11 INFO  : -----------> Lunching Chrome <-----------

2018-07-03 23:16:13 INFO  : 

2018-07-03 23:16:13 INFO  : ----------------------------------------------------

2018-07-03 23:16:13 INFO  : 

2018-07-03 23:16:13 INFO  : Scenario :: Boook a car for a week

2018-07-03 23:16:13 INFO  : 

2018-07-03 23:16:13 INFO  : ----------------------------------------------------

2018-07-03 23:16:13 INFO  : 

2018-07-03 23:16:13 INFO  : 

2018-07-03 23:16:13 INFO  : Opening URL : https://www.hotwire.com/

2018-07-03 23:16:17 INFO  : Cheap Hotels, Cars, Airfare | Last Minute Travel Deals | Hotwire

2018-07-03 23:16:17 INFO  : Goto Car Tab

2018-07-03 23:16:18 INFO  : Entering location :: Dallas,Tx

2018-07-03 23:17:03 INFO  : 

2018-07-03 23:17:03 INFO  : $$$$$$$$$$$$$$$$$$$$$$$    -S-T-A-R-T-    $$$$$$$$$$$$$$$$$$$$$$$

2018-07-03 23:17:03 INFO  : 

2018-07-03 23:17:03 INFO  : 

2018-07-03 23:17:03 INFO  : ------------------------ TESTCASE SETUP --------------------------------- 

2018-07-03 23:17:03 INFO  : 

2018-07-03 23:17:03 INFO  : 

2018-07-03 23:17:03 INFO  : 	Browser     : chrome

2018-07-03 23:17:03 INFO  : 	Zone        : INT

2018-07-03 23:17:03 INFO  : 	Log Dir     : /log/

2018-07-03 23:17:03 INFO  : 

2018-07-03 23:17:03 INFO  : 

2018-07-03 23:17:03 INFO  : ---------------------------------------------------------------------------

2018-07-03 23:17:03 INFO  : 

2018-07-03 23:17:03 INFO  : 

2018-07-03 23:17:03 INFO  : 

2018-07-03 23:17:03 INFO  : 

2018-07-03 23:17:03 INFO  : -----------> Lunching Chrome <-----------

2018-07-03 23:17:05 INFO  : 

2018-07-03 23:17:05 INFO  : ----------------------------------------------------

2018-07-03 23:17:05 INFO  : 

2018-07-03 23:17:05 INFO  : Scenario :: Boook a car for a week

2018-07-03 23:17:05 INFO  : 

2018-07-03 23:17:05 INFO  : ----------------------------------------------------

2018-07-03 23:17:05 INFO  : 

2018-07-03 23:17:05 INFO  : 

2018-07-03 23:17:05 INFO  : Opening URL : https://www.hotwire.com/

2018-07-03 23:17:09 INFO  : Cheap Hotels, Cars, Airfare | Last Minute Travel Deals | Hotwire

2018-07-03 23:17:09 INFO  : Goto Car Tab

2018-07-03 23:17:09 INFO  : Entering location :: Dallas,Tx

2018-07-03 23:17:41 INFO  : 

2018-07-03 23:17:41 INFO  : $$$$$$$$$$$$$$$$$$$$$$$    -S-T-A-R-T-    $$$$$$$$$$$$$$$$$$$$$$$

2018-07-03 23:17:41 INFO  : 

2018-07-03 23:17:41 INFO  : 

2018-07-03 23:17:41 INFO  : ------------------------ TESTCASE SETUP --------------------------------- 

2018-07-03 23:17:41 INFO  : 

2018-07-03 23:17:41 INFO  : 

2018-07-03 23:17:41 INFO  : 	Browser     : chrome

2018-07-03 23:17:41 INFO  : 	Zone        : INT

2018-07-03 23:17:41 INFO  : 	Log Dir     : /log/

2018-07-03 23:17:41 INFO  : 

2018-07-03 23:17:41 INFO  : 

2018-07-03 23:17:41 INFO  : ---------------------------------------------------------------------------

2018-07-03 23:17:41 INFO  : 

2018-07-03 23:17:41 INFO  : 

2018-07-03 23:17:41 INFO  : 

2018-07-03 23:17:41 INFO  : 

2018-07-03 23:17:41 INFO  : -----------> Lunching Chrome <-----------

2018-07-03 23:17:43 INFO  : 

2018-07-03 23:17:43 INFO  : ----------------------------------------------------

2018-07-03 23:17:43 INFO  : 

2018-07-03 23:17:43 INFO  : Scenario :: Boook a car for a week

2018-07-03 23:17:43 INFO  : 

2018-07-03 23:17:43 INFO  : ----------------------------------------------------

2018-07-03 23:17:43 INFO  : 

2018-07-03 23:17:43 INFO  : 

2018-07-03 23:17:43 INFO  : Opening URL : https://www.hotwire.com/

2018-07-03 23:17:47 INFO  : Cheap Hotels, Cars, Airfare | Last Minute Travel Deals | Hotwire

2018-07-03 23:17:47 INFO  : Goto Car Tab

2018-07-03 23:17:47 INFO  : Entering location :: Dallas,Tx

2018-07-04 00:02:12 INFO  : 

2018-07-04 00:02:12 INFO  : $$$$$$$$$$$$$$$$$$$$$$$    -S-T-A-R-T-    $$$$$$$$$$$$$$$$$$$$$$$

2018-07-04 00:02:12 INFO  : 

2018-07-04 00:02:12 INFO  : 

2018-07-04 00:02:12 INFO  : ------------------------ TESTCASE SETUP --------------------------------- 

2018-07-04 00:02:12 INFO  : 

2018-07-04 00:02:12 INFO  : 

2018-07-04 00:02:12 INFO  : 	Browser     : chrome

2018-07-04 00:02:12 INFO  : 	Zone        : TEST

2018-07-04 00:02:12 INFO  : 	Log Dir     : /log/

2018-07-04 00:02:12 INFO  : 

2018-07-04 00:02:12 INFO  : 

2018-07-04 00:02:12 INFO  : ---------------------------------------------------------------------------

2018-07-04 00:02:12 INFO  : 

2018-07-04 00:02:12 INFO  : 

2018-07-04 00:02:12 INFO  : 

2018-07-04 00:02:12 INFO  : 

2018-07-04 00:02:12 INFO  : -----------> Lunching Chrome <-----------

2018-07-04 00:02:13 INFO  : 

2018-07-04 00:02:13 INFO  : ----------------------------------------------------

2018-07-04 00:02:13 INFO  : 

2018-07-04 00:02:13 INFO  : Scenario :: Boook a car for a week

2018-07-04 00:02:13 INFO  : 

2018-07-04 00:02:13 INFO  : ----------------------------------------------------

2018-07-04 00:02:13 INFO  : 

2018-07-04 00:02:14 INFO  : 

2018-07-04 00:02:14 INFO  : Opening URL : https://www.phptravels.net/

2018-07-04 00:02:17 INFO  : PHPTRAVELS | Travel Technology Partner

2018-07-04 00:02:17 INFO  : Goto Car Tab

2018-07-04 00:06:29 INFO  : 

2018-07-04 00:06:29 INFO  : $$$$$$$$$$$$$$$$$$$$$$$    -S-T-A-R-T-    $$$$$$$$$$$$$$$$$$$$$$$

2018-07-04 00:06:29 INFO  : 

2018-07-04 00:06:29 INFO  : 

2018-07-04 00:06:29 INFO  : ------------------------ TESTCASE SETUP --------------------------------- 

2018-07-04 00:06:29 INFO  : 

2018-07-04 00:06:29 INFO  : 

2018-07-04 00:06:29 INFO  : 	Browser     : chrome

2018-07-04 00:06:29 INFO  : 	Zone        : TEST

2018-07-04 00:06:29 INFO  : 	Log Dir     : /log/

2018-07-04 00:06:29 INFO  : 

2018-07-04 00:06:29 INFO  : 

2018-07-04 00:06:29 INFO  : ---------------------------------------------------------------------------

2018-07-04 00:06:29 INFO  : 

2018-07-04 00:06:29 INFO  : 

2018-07-04 00:06:29 INFO  : 

2018-07-04 00:06:29 INFO  : 

2018-07-04 00:06:29 INFO  : -----------> Lunching Chrome <-----------

2018-07-04 00:06:30 INFO  : 

2018-07-04 00:06:30 INFO  : ----------------------------------------------------

2018-07-04 00:06:30 INFO  : 

2018-07-04 00:06:30 INFO  : Scenario :: Boook a car for a week

2018-07-04 00:06:30 INFO  : 

2018-07-04 00:06:30 INFO  : ----------------------------------------------------

2018-07-04 00:06:30 INFO  : 

2018-07-04 00:06:31 INFO  : 

2018-07-04 00:06:31 INFO  : Opening URL : https://www.phptravels.net/

2018-07-04 00:06:34 INFO  : PHPTRAVELS | Travel Technology Partner

2018-07-04 00:06:34 INFO  : Goto Car Tab

2018-07-04 00:06:34 INFO  : Entering location :: Dallas,Tx

2018-07-04 00:08:47 INFO  : 

2018-07-04 00:08:47 INFO  : $$$$$$$$$$$$$$$$$$$$$$$    -S-T-A-R-T-    $$$$$$$$$$$$$$$$$$$$$$$

2018-07-04 00:08:47 INFO  : 

2018-07-04 00:08:47 INFO  : 

2018-07-04 00:08:47 INFO  : ------------------------ TESTCASE SETUP --------------------------------- 

2018-07-04 00:08:47 INFO  : 

2018-07-04 00:08:47 INFO  : 

2018-07-04 00:08:47 INFO  : 	Browser     : chrome

2018-07-04 00:08:47 INFO  : 	Zone        : TEST

2018-07-04 00:08:47 INFO  : 	Log Dir     : /log/

2018-07-04 00:08:47 INFO  : 

2018-07-04 00:08:47 INFO  : 

2018-07-04 00:08:47 INFO  : ---------------------------------------------------------------------------

2018-07-04 00:08:47 INFO  : 

2018-07-04 00:08:47 INFO  : 

2018-07-04 00:08:47 INFO  : 

2018-07-04 00:08:47 INFO  : 

2018-07-04 00:08:47 INFO  : -----------> Lunching Chrome <-----------

2018-07-04 00:08:48 INFO  : 

2018-07-04 00:08:48 INFO  : ----------------------------------------------------

2018-07-04 00:08:48 INFO  : 

2018-07-04 00:08:48 INFO  : Scenario :: Boook a car for a week

2018-07-04 00:08:48 INFO  : 

2018-07-04 00:08:48 INFO  : ----------------------------------------------------

2018-07-04 00:08:48 INFO  : 

2018-07-04 00:08:49 INFO  : 

2018-07-04 00:08:49 INFO  : Opening URL : https://www.phptravels.net/

2018-07-04 00:08:52 INFO  : PHPTRAVELS | Travel Technology Partner

2018-07-04 00:08:52 INFO  : Goto Car Tab

2018-07-04 00:08:53 INFO  : Entering location :: Dallas,Tx

2018-07-04 11:32:45 INFO  : 

2018-07-04 11:32:45 INFO  : $$$$$$$$$$$$$$$$$$$$$$$    -S-T-A-R-T-    $$$$$$$$$$$$$$$$$$$$$$$

2018-07-04 11:32:45 INFO  : 

2018-07-04 11:32:45 INFO  : 

2018-07-04 11:32:45 INFO  : ------------------------ TESTCASE SETUP --------------------------------- 

2018-07-04 11:32:45 INFO  : 

2018-07-04 11:32:45 INFO  : 

2018-07-04 11:32:45 INFO  : 	Browser     : chrome

2018-07-04 11:32:45 INFO  : 	Zone        : TEST

2018-07-04 11:32:45 INFO  : 	Log Dir     : /log/

2018-07-04 11:32:45 INFO  : 

2018-07-04 11:32:45 INFO  : 

2018-07-04 11:32:45 INFO  : ---------------------------------------------------------------------------

2018-07-04 11:32:45 INFO  : 

2018-07-04 11:32:45 INFO  : 

2018-07-04 11:32:45 INFO  : 

2018-07-04 11:32:45 INFO  : 

2018-07-04 11:32:45 INFO  : -----------> Lunching Chrome <-----------

2018-07-04 11:32:47 INFO  : 

2018-07-04 11:32:47 INFO  : ----------------------------------------------------

2018-07-04 11:32:47 INFO  : 

2018-07-04 11:32:47 INFO  : Scenario :: Boook a car for a week

2018-07-04 11:32:47 INFO  : 

2018-07-04 11:32:47 INFO  : ----------------------------------------------------

2018-07-04 11:32:47 INFO  : 

2018-07-04 11:33:47 INFO  : 

2018-07-04 11:33:47 INFO  : $$$$$$$$$$$$$$$$$$$$$$$    -S-T-A-R-T-    $$$$$$$$$$$$$$$$$$$$$$$

2018-07-04 11:33:47 INFO  : 

2018-07-04 11:33:47 INFO  : 

2018-07-04 11:33:47 INFO  : ------------------------ TESTCASE SETUP --------------------------------- 

2018-07-04 11:33:47 INFO  : 

2018-07-04 11:33:47 INFO  : 

2018-07-04 11:33:47 INFO  : 	Browser     : chrome

2018-07-04 11:33:47 INFO  : 	Zone        : TEST

2018-07-04 11:33:47 INFO  : 	Log Dir     : /log/

2018-07-04 11:33:47 INFO  : 

2018-07-04 11:33:47 INFO  : 

2018-07-04 11:33:47 INFO  : ---------------------------------------------------------------------------

2018-07-04 11:33:47 INFO  : 

2018-07-04 11:33:47 INFO  : 

2018-07-04 11:33:47 INFO  : 

2018-07-04 11:33:47 INFO  : 

2018-07-04 11:33:47 INFO  : -----------> Lunching Chrome <-----------

2018-07-04 11:33:49 INFO  : 

2018-07-04 11:33:49 INFO  : ----------------------------------------------------

2018-07-04 11:33:49 INFO  : 

2018-07-04 11:33:49 INFO  : Scenario :: Boook a car for a week

2018-07-04 11:33:49 INFO  : 

2018-07-04 11:33:49 INFO  : ----------------------------------------------------

2018-07-04 11:33:49 INFO  : 

2018-07-04 11:35:55 INFO  : 

2018-07-04 11:35:55 INFO  : $$$$$$$$$$$$$$$$$$$$$$$    -S-T-A-R-T-    $$$$$$$$$$$$$$$$$$$$$$$

2018-07-04 11:35:55 INFO  : 

2018-07-04 11:35:55 INFO  : 

2018-07-04 11:35:55 INFO  : ------------------------ TESTCASE SETUP --------------------------------- 

2018-07-04 11:35:55 INFO  : 

2018-07-04 11:35:55 INFO  : 

2018-07-04 11:35:55 INFO  : 	Browser     : chrome

2018-07-04 11:35:55 INFO  : 	Zone        : TEST

2018-07-04 11:35:55 INFO  : 	Log Dir     : /log/

2018-07-04 11:35:55 INFO  : 

2018-07-04 11:35:55 INFO  : 

2018-07-04 11:35:55 INFO  : ---------------------------------------------------------------------------

2018-07-04 11:35:55 INFO  : 

2018-07-04 11:35:55 INFO  : 

2018-07-04 11:35:55 INFO  : 

2018-07-04 11:35:55 INFO  : 

2018-07-04 11:35:55 INFO  : -----------> Lunching Chrome <-----------

2018-07-04 11:35:56 INFO  : 

2018-07-04 11:35:56 INFO  : ----------------------------------------------------

2018-07-04 11:35:56 INFO  : 

2018-07-04 11:35:56 INFO  : Scenario :: Boook a car for a week

2018-07-04 11:35:56 INFO  : 

2018-07-04 11:35:56 INFO  : ----------------------------------------------------

2018-07-04 11:35:56 INFO  : 

2018-07-04 11:52:38 INFO  : 

2018-07-04 11:52:38 INFO  : $$$$$$$$$$$$$$$$$$$$$$$    -S-T-A-R-T-    $$$$$$$$$$$$$$$$$$$$$$$

2018-07-04 11:52:38 INFO  : 

2018-07-04 11:52:38 INFO  : 

2018-07-04 11:52:38 INFO  : ------------------------ TESTCASE SETUP --------------------------------- 

2018-07-04 11:52:38 INFO  : 

2018-07-04 11:52:38 INFO  : 

2018-07-04 11:52:38 INFO  : 	Browser     : chrome

2018-07-04 11:52:38 INFO  : 	Zone        : TEST

2018-07-04 11:52:38 INFO  : 	Log Dir     : /log/

2018-07-04 11:52:38 INFO  : 

2018-07-04 11:52:38 INFO  : 

2018-07-04 11:52:38 INFO  : ---------------------------------------------------------------------------

2018-07-04 11:52:38 INFO  : 

2018-07-04 11:52:38 INFO  : 

2018-07-04 11:52:38 INFO  : 

2018-07-04 11:52:38 INFO  : 

2018-07-04 11:52:38 INFO  : -----------> Lunching Chrome <-----------

2018-07-04 11:52:40 INFO  : 

2018-07-04 11:52:40 INFO  : ----------------------------------------------------

2018-07-04 11:52:40 INFO  : 

2018-07-04 11:52:40 INFO  : Scenario :: Boook a car for a week

2018-07-04 11:52:40 INFO  : 

2018-07-04 11:52:40 INFO  : ----------------------------------------------------

2018-07-04 11:52:40 INFO  : 

2018-07-04 11:54:02 INFO  : 

2018-07-04 11:54:02 INFO  : $$$$$$$$$$$$$$$$$$$$$$$    -S-T-A-R-T-    $$$$$$$$$$$$$$$$$$$$$$$

2018-07-04 11:54:02 INFO  : 

2018-07-04 11:54:02 INFO  : 

2018-07-04 11:54:02 INFO  : ------------------------ TESTCASE SETUP --------------------------------- 

2018-07-04 11:54:02 INFO  : 

2018-07-04 11:54:02 INFO  : 

2018-07-04 11:54:03 INFO  : 	Browser     : chrome

2018-07-04 11:54:03 INFO  : 	Zone        : TEST

2018-07-04 11:54:03 INFO  : 	Log Dir     : /log/

2018-07-04 11:54:03 INFO  : 

2018-07-04 11:54:03 INFO  : 

2018-07-04 11:54:03 INFO  : ---------------------------------------------------------------------------

2018-07-04 11:54:03 INFO  : 

2018-07-04 11:54:03 INFO  : 

2018-07-04 11:54:03 INFO  : 

2018-07-04 11:54:03 INFO  : 

2018-07-04 11:54:03 INFO  : -----------> Lunching Chrome <-----------

2018-07-04 11:54:04 INFO  : 

2018-07-04 11:54:04 INFO  : ----------------------------------------------------

2018-07-04 11:54:04 INFO  : 

2018-07-04 11:54:04 INFO  : Scenario :: Boook a car for a week

2018-07-04 11:54:04 INFO  : 

2018-07-04 11:54:04 INFO  : ----------------------------------------------------

2018-07-04 11:54:04 INFO  : 

2018-07-04 12:10:49 INFO  : 

2018-07-04 12:10:50 INFO  : $$$$$$$$$$$$$$$$$$$$$$$    -S-T-A-R-T-    $$$$$$$$$$$$$$$$$$$$$$$

2018-07-04 12:10:50 INFO  : 

2018-07-04 12:10:50 INFO  : 

2018-07-04 12:10:50 INFO  : ------------------------ TESTCASE SETUP --------------------------------- 

2018-07-04 12:10:50 INFO  : 

2018-07-04 12:10:50 INFO  : 

2018-07-04 12:10:50 INFO  : 	Browser     : chrome

2018-07-04 12:10:50 INFO  : 	Zone        : TEST

2018-07-04 12:10:50 INFO  : 	Log Dir     : /log/

2018-07-04 12:10:50 INFO  : 

2018-07-04 12:10:50 INFO  : 

2018-07-04 12:10:50 INFO  : ---------------------------------------------------------------------------

2018-07-04 12:10:50 INFO  : 

2018-07-04 12:10:50 INFO  : 

2018-07-04 12:10:50 INFO  : 

2018-07-04 12:10:50 INFO  : 

2018-07-04 12:10:50 INFO  : -----------> Lunching Chrome <-----------

2018-07-04 12:10:51 INFO  : 

2018-07-04 12:10:51 INFO  : ----------------------------------------------------

2018-07-04 12:10:51 INFO  : 

2018-07-04 12:10:51 INFO  : Scenario :: Boook a car for a week

2018-07-04 12:10:51 INFO  : 

2018-07-04 12:10:51 INFO  : ----------------------------------------------------

2018-07-04 12:10:51 INFO  : 

2018-07-04 12:10:51 INFO  : 

2018-07-04 12:10:51 INFO  : Opening URL : https://www.phptravels.net/

2018-07-04 12:10:58 INFO  : PHPTRAVELS | Travel Technology Partner

2018-07-04 12:10:58 INFO  : Goto Car Tab

2018-07-04 12:10:58 INFO  : Entering location :: Dallas,Tx

2018-07-04 12:12:09 INFO  : 

2018-07-04 12:12:09 INFO  : $$$$$$$$$$$$$$$$$$$$$$$    -S-T-A-R-T-    $$$$$$$$$$$$$$$$$$$$$$$

2018-07-04 12:12:09 INFO  : 

2018-07-04 12:12:09 INFO  : 

2018-07-04 12:12:09 INFO  : ------------------------ TESTCASE SETUP --------------------------------- 

2018-07-04 12:12:09 INFO  : 

2018-07-04 12:12:09 INFO  : 

2018-07-04 12:12:09 INFO  : 	Browser     : chrome

2018-07-04 12:12:09 INFO  : 	Zone        : TEST

2018-07-04 12:12:09 INFO  : 	Log Dir     : /log/

2018-07-04 12:12:09 INFO  : 

2018-07-04 12:12:09 INFO  : 

2018-07-04 12:12:09 INFO  : ---------------------------------------------------------------------------

2018-07-04 12:12:09 INFO  : 

2018-07-04 12:12:09 INFO  : 

2018-07-04 12:12:09 INFO  : 

2018-07-04 12:12:09 INFO  : 

2018-07-04 12:12:09 INFO  : -----------> Lunching Chrome <-----------

2018-07-04 12:12:10 INFO  : 

2018-07-04 12:12:10 INFO  : ----------------------------------------------------

2018-07-04 12:12:10 INFO  : 

2018-07-04 12:12:10 INFO  : Scenario :: Boook a car for a week

2018-07-04 12:12:10 INFO  : 

2018-07-04 12:12:10 INFO  : ----------------------------------------------------

2018-07-04 12:12:10 INFO  : 

2018-07-04 12:12:11 INFO  : 

2018-07-04 12:12:11 INFO  : Opening URL : https://www.phptravels.net/

2018-07-04 12:12:16 INFO  : PHPTRAVELS | Travel Technology Partner

2018-07-04 12:12:16 INFO  : Goto Car Tab

2018-07-04 12:12:16 INFO  : Entering location :: Dallas,Tx

2018-07-04 12:15:27 INFO  : 

2018-07-04 12:15:27 INFO  : $$$$$$$$$$$$$$$$$$$$$$$    -S-T-A-R-T-    $$$$$$$$$$$$$$$$$$$$$$$

2018-07-04 12:15:27 INFO  : 

2018-07-04 12:15:27 INFO  : 

2018-07-04 12:15:27 INFO  : ------------------------ TESTCASE SETUP --------------------------------- 

2018-07-04 12:15:27 INFO  : 

2018-07-04 12:15:27 INFO  : 

2018-07-04 12:15:27 INFO  : 	Browser     : chrome

2018-07-04 12:15:27 INFO  : 	Zone        : TEST

2018-07-04 12:15:27 INFO  : 	Log Dir     : /log/

2018-07-04 12:15:27 INFO  : 

2018-07-04 12:15:27 INFO  : 

2018-07-04 12:15:27 INFO  : ---------------------------------------------------------------------------

2018-07-04 12:15:27 INFO  : 

2018-07-04 12:15:27 INFO  : 

2018-07-04 12:15:27 INFO  : 

2018-07-04 12:15:27 INFO  : 

2018-07-04 12:15:27 INFO  : -----------> Lunching Chrome <-----------

2018-07-04 12:15:28 INFO  : 

2018-07-04 12:15:28 INFO  : ----------------------------------------------------

2018-07-04 12:15:28 INFO  : 

2018-07-04 12:15:28 INFO  : Scenario :: Boook a car for a week

2018-07-04 12:15:28 INFO  : 

2018-07-04 12:15:28 INFO  : ----------------------------------------------------

2018-07-04 12:15:28 INFO  : 

2018-07-04 12:15:29 INFO  : 

2018-07-04 12:15:29 INFO  : Opening URL : https://www.phptravels.net/

2018-07-04 12:15:35 INFO  : PHPTRAVELS | Travel Technology Partner

2018-07-04 12:15:35 INFO  : Goto Car Tab

2018-07-04 12:15:36 INFO  : Entering location :: Dallas,Tx

2018-07-04 12:18:51 INFO  : 

2018-07-04 12:18:51 INFO  : $$$$$$$$$$$$$$$$$$$$$$$    -S-T-A-R-T-    $$$$$$$$$$$$$$$$$$$$$$$

2018-07-04 12:18:51 INFO  : 

2018-07-04 12:18:51 INFO  : 

2018-07-04 12:18:51 INFO  : ------------------------ TESTCASE SETUP --------------------------------- 

2018-07-04 12:18:51 INFO  : 

2018-07-04 12:18:51 INFO  : 

2018-07-04 12:18:51 INFO  : 	Browser     : chrome

2018-07-04 12:18:51 INFO  : 	Zone        : TEST

2018-07-04 12:18:51 INFO  : 	Log Dir     : /log/

2018-07-04 12:18:51 INFO  : 

2018-07-04 12:18:51 INFO  : 

2018-07-04 12:18:51 INFO  : ---------------------------------------------------------------------------

2018-07-04 12:18:51 INFO  : 

2018-07-04 12:18:51 INFO  : 

2018-07-04 12:18:51 INFO  : 

2018-07-04 12:18:51 INFO  : 

2018-07-04 12:18:51 INFO  : -----------> Lunching Chrome <-----------

2018-07-04 12:18:52 INFO  : 

2018-07-04 12:18:52 INFO  : ----------------------------------------------------

2018-07-04 12:18:52 INFO  : 

2018-07-04 12:18:52 INFO  : Scenario :: Boook a car for a week

2018-07-04 12:18:52 INFO  : 

2018-07-04 12:18:52 INFO  : ----------------------------------------------------

2018-07-04 12:18:52 INFO  : 

2018-07-04 12:18:52 INFO  : 

2018-07-04 12:18:52 INFO  : Opening URL : https://www.phptravels.net/

2018-07-04 12:19:00 INFO  : PHPTRAVELS | Travel Technology Partner

2018-07-04 12:19:00 INFO  : Goto Car Tab

2018-07-04 12:19:00 INFO  : Entering location :: Dallas,Tx

2018-07-04 12:19:58 INFO  : 

2018-07-04 12:19:58 INFO  : $$$$$$$$$$$$$$$$$$$$$$$    -S-T-A-R-T-    $$$$$$$$$$$$$$$$$$$$$$$

2018-07-04 12:19:58 INFO  : 

2018-07-04 12:19:58 INFO  : 

2018-07-04 12:19:58 INFO  : ------------------------ TESTCASE SETUP --------------------------------- 

2018-07-04 12:19:58 INFO  : 

2018-07-04 12:19:58 INFO  : 

2018-07-04 12:19:58 INFO  : 	Browser     : chrome

2018-07-04 12:19:58 INFO  : 	Zone        : TEST

2018-07-04 12:19:58 INFO  : 	Log Dir     : /log/

2018-07-04 12:19:58 INFO  : 

2018-07-04 12:19:58 INFO  : 

2018-07-04 12:19:58 INFO  : ---------------------------------------------------------------------------

2018-07-04 12:19:58 INFO  : 

2018-07-04 12:19:58 INFO  : 

2018-07-04 12:19:58 INFO  : 

2018-07-04 12:19:58 INFO  : 

2018-07-04 12:19:58 INFO  : -----------> Lunching Chrome <-----------

2018-07-04 12:20:00 INFO  : 

2018-07-04 12:20:00 INFO  : ----------------------------------------------------

2018-07-04 12:20:00 INFO  : 

2018-07-04 12:20:00 INFO  : Scenario :: Boook a car for a week

2018-07-04 12:20:00 INFO  : 

2018-07-04 12:20:00 INFO  : ----------------------------------------------------

2018-07-04 12:20:00 INFO  : 

2018-07-04 12:20:00 INFO  : 

2018-07-04 12:20:00 INFO  : Opening URL : https://www.phptravels.net/

2018-07-04 12:20:06 INFO  : PHPTRAVELS | Travel Technology Partner

2018-07-04 12:20:06 INFO  : Goto Car Tab

2018-07-04 12:20:06 INFO  : Entering location :: Dallas,Tx

2018-07-04 12:30:58 INFO  : 

2018-07-04 12:30:58 INFO  : $$$$$$$$$$$$$$$$$$$$$$$    -S-T-A-R-T-    $$$$$$$$$$$$$$$$$$$$$$$

2018-07-04 12:30:58 INFO  : 

2018-07-04 12:30:58 INFO  : 

2018-07-04 12:30:58 INFO  : ------------------------ TESTCASE SETUP --------------------------------- 

2018-07-04 12:30:58 INFO  : 

2018-07-04 12:30:58 INFO  : 

2018-07-04 12:30:58 INFO  : 	Browser     : chrome

2018-07-04 12:30:58 INFO  : 	Zone        : TEST

2018-07-04 12:30:58 INFO  : 	Log Dir     : /log/

2018-07-04 12:30:58 INFO  : 

2018-07-04 12:30:58 INFO  : 

2018-07-04 12:30:58 INFO  : ---------------------------------------------------------------------------

2018-07-04 12:30:58 INFO  : 

2018-07-04 12:30:58 INFO  : 

2018-07-04 12:30:58 INFO  : 

2018-07-04 12:30:58 INFO  : 

2018-07-04 12:30:58 INFO  : -----------> Lunching Chrome <-----------

2018-07-04 12:31:00 INFO  : 

2018-07-04 12:31:00 INFO  : ----------------------------------------------------

2018-07-04 12:31:00 INFO  : 

2018-07-04 12:31:00 INFO  : Scenario :: Boook a car for a week

2018-07-04 12:31:00 INFO  : 

2018-07-04 12:31:00 INFO  : ----------------------------------------------------

2018-07-04 12:31:00 INFO  : 

2018-07-04 12:31:00 INFO  : 

2018-07-04 12:31:00 INFO  : Opening URL : https://www.phptravels.net/

2018-07-04 12:31:04 INFO  : PHPTRAVELS | Travel Technology Partner

2018-07-04 12:31:04 INFO  : Goto Car Tab

2018-07-04 12:31:05 INFO  : Entering location :: Dallas,Tx

2018-07-04 12:31:42 INFO  : 

2018-07-04 12:31:42 INFO  : $$$$$$$$$$$$$$$$$$$$$$$    -S-T-A-R-T-    $$$$$$$$$$$$$$$$$$$$$$$

2018-07-04 12:31:42 INFO  : 

2018-07-04 12:31:42 INFO  : 

2018-07-04 12:31:42 INFO  : ------------------------ TESTCASE SETUP --------------------------------- 

2018-07-04 12:31:42 INFO  : 

2018-07-04 12:31:42 INFO  : 

2018-07-04 12:31:42 INFO  : 	Browser     : chrome

2018-07-04 12:31:42 INFO  : 	Zone        : TEST

2018-07-04 12:31:42 INFO  : 	Log Dir     : /log/

2018-07-04 12:31:42 INFO  : 

2018-07-04 12:31:42 INFO  : 

2018-07-04 12:31:42 INFO  : ---------------------------------------------------------------------------

2018-07-04 12:31:42 INFO  : 

2018-07-04 12:31:42 INFO  : 

2018-07-04 12:31:42 INFO  : 

2018-07-04 12:31:42 INFO  : 

2018-07-04 12:31:42 INFO  : -----------> Lunching Chrome <-----------

2018-07-04 12:31:44 INFO  : 

2018-07-04 12:31:44 INFO  : ----------------------------------------------------

2018-07-04 12:31:44 INFO  : 

2018-07-04 12:31:44 INFO  : Scenario :: Boook a car for a week

2018-07-04 12:31:44 INFO  : 

2018-07-04 12:31:44 INFO  : ----------------------------------------------------

2018-07-04 12:31:44 INFO  : 

2018-07-04 12:31:44 INFO  : 

2018-07-04 12:31:44 INFO  : Opening URL : https://www.phptravels.net/

2018-07-04 12:31:49 INFO  : PHPTRAVELS | Travel Technology Partner

2018-07-04 12:31:49 INFO  : Goto Car Tab

2018-07-04 12:31:49 INFO  : Entering location :: Dallas,Tx

2018-07-04 12:34:00 INFO  : 

2018-07-04 12:34:00 INFO  : $$$$$$$$$$$$$$$$$$$$$$$    -S-T-A-R-T-    $$$$$$$$$$$$$$$$$$$$$$$

2018-07-04 12:34:00 INFO  : 

2018-07-04 12:34:00 INFO  : 

2018-07-04 12:34:00 INFO  : ------------------------ TESTCASE SETUP --------------------------------- 

2018-07-04 12:34:00 INFO  : 

2018-07-04 12:34:00 INFO  : 

2018-07-04 12:34:00 INFO  : 	Browser     : chrome

2018-07-04 12:34:00 INFO  : 	Zone        : TEST

2018-07-04 12:34:00 INFO  : 	Log Dir     : /log/

2018-07-04 12:34:00 INFO  : 

2018-07-04 12:34:00 INFO  : 

2018-07-04 12:34:00 INFO  : ---------------------------------------------------------------------------

2018-07-04 12:34:00 INFO  : 

2018-07-04 12:34:00 INFO  : 

2018-07-04 12:34:00 INFO  : 

2018-07-04 12:34:00 INFO  : 

2018-07-04 12:34:00 INFO  : -----------> Lunching Chrome <-----------

2018-07-04 12:34:02 INFO  : 

2018-07-04 12:34:02 INFO  : ----------------------------------------------------

2018-07-04 12:34:02 INFO  : 

2018-07-04 12:34:02 INFO  : Scenario :: Boook a car for a week

2018-07-04 12:34:02 INFO  : 

2018-07-04 12:34:02 INFO  : ----------------------------------------------------

2018-07-04 12:34:02 INFO  : 

2018-07-04 12:34:02 INFO  : 

2018-07-04 12:34:02 INFO  : Opening URL : https://www.phptravels.net/

2018-07-04 12:34:06 INFO  : PHPTRAVELS | Travel Technology Partner

2018-07-04 12:34:06 INFO  : Goto Car Tab

2018-07-04 12:34:06 INFO  : Entering location :: Dallas,Tx

2018-07-04 12:40:38 INFO  : 

2018-07-04 12:40:38 INFO  : $$$$$$$$$$$$$$$$$$$$$$$    -S-T-A-R-T-    $$$$$$$$$$$$$$$$$$$$$$$

2018-07-04 12:40:38 INFO  : 

2018-07-04 12:40:38 INFO  : 

2018-07-04 12:40:38 INFO  : ------------------------ TESTCASE SETUP --------------------------------- 

2018-07-04 12:40:38 INFO  : 

2018-07-04 12:40:38 INFO  : 

2018-07-04 12:40:38 INFO  : 	Browser     : chrome

2018-07-04 12:40:38 INFO  : 	Zone        : TEST

2018-07-04 12:40:38 INFO  : 	Log Dir     : /log/

2018-07-04 12:40:38 INFO  : 

2018-07-04 12:40:38 INFO  : 

2018-07-04 12:40:38 INFO  : ---------------------------------------------------------------------------

2018-07-04 12:40:38 INFO  : 

2018-07-04 12:40:38 INFO  : 

2018-07-04 12:40:38 INFO  : 

2018-07-04 12:40:38 INFO  : 

2018-07-04 12:40:38 INFO  : -----------> Lunching Chrome <-----------

2018-07-04 12:40:39 INFO  : 

2018-07-04 12:40:39 INFO  : ----------------------------------------------------

2018-07-04 12:40:39 INFO  : 

2018-07-04 12:40:39 INFO  : Scenario :: Boook a car for a week

2018-07-04 12:40:39 INFO  : 

2018-07-04 12:40:39 INFO  : ----------------------------------------------------

2018-07-04 12:40:39 INFO  : 

2018-07-04 12:40:40 INFO  : 

2018-07-04 12:40:40 INFO  : Opening URL : https://www.phptravels.net/

2018-07-04 12:40:44 INFO  : PHPTRAVELS | Travel Technology Partner

2018-07-04 12:40:44 INFO  : Goto Car Tab

2018-07-04 12:40:45 INFO  : Entering location :: Dallas,Tx

2018-07-04 12:41:43 INFO  : 

2018-07-04 12:41:43 INFO  : $$$$$$$$$$$$$$$$$$$$$$$    -S-T-A-R-T-    $$$$$$$$$$$$$$$$$$$$$$$

2018-07-04 12:41:43 INFO  : 

2018-07-04 12:41:43 INFO  : 

2018-07-04 12:41:43 INFO  : ------------------------ TESTCASE SETUP --------------------------------- 

2018-07-04 12:41:43 INFO  : 

2018-07-04 12:41:43 INFO  : 

2018-07-04 12:41:43 INFO  : 	Browser     : chrome

2018-07-04 12:41:43 INFO  : 	Zone        : TEST

2018-07-04 12:41:43 INFO  : 	Log Dir     : /log/

2018-07-04 12:41:43 INFO  : 

2018-07-04 12:41:43 INFO  : 

2018-07-04 12:41:43 INFO  : ---------------------------------------------------------------------------

2018-07-04 12:41:43 INFO  : 

2018-07-04 12:41:43 INFO  : 

2018-07-04 12:41:43 INFO  : 

2018-07-04 12:41:43 INFO  : 

2018-07-04 12:41:43 INFO  : -----------> Lunching Chrome <-----------

2018-07-04 12:41:45 INFO  : 

2018-07-04 12:41:45 INFO  : ----------------------------------------------------

2018-07-04 12:41:45 INFO  : 

2018-07-04 12:41:45 INFO  : Scenario :: Boook a car for a week

2018-07-04 12:41:45 INFO  : 

2018-07-04 12:41:45 INFO  : ----------------------------------------------------

2018-07-04 12:41:45 INFO  : 

2018-07-04 12:41:45 INFO  : 

2018-07-04 12:41:45 INFO  : Opening URL : https://www.phptravels.net/

2018-07-04 12:41:49 INFO  : PHPTRAVELS | Travel Technology Partner

2018-07-04 12:41:49 INFO  : Goto Car Tab

2018-07-04 12:41:50 INFO  : Entering location :: Dallas,Tx

2018-07-04 14:11:44 INFO  : 

2018-07-04 14:11:44 INFO  : $$$$$$$$$$$$$$$$$$$$$$$    -S-T-A-R-T-    $$$$$$$$$$$$$$$$$$$$$$$

2018-07-04 14:11:44 INFO  : 

2018-07-04 14:11:44 INFO  : 

2018-07-04 14:11:44 INFO  : ------------------------ TESTCASE SETUP --------------------------------- 

2018-07-04 14:11:44 INFO  : 

2018-07-04 14:11:44 INFO  : 

2018-07-04 14:11:44 INFO  : 	Browser     : chrome

2018-07-04 14:11:44 INFO  : 	Zone        : TEST

2018-07-04 14:11:44 INFO  : 	Log Dir     : /log/

2018-07-04 14:11:44 INFO  : 

2018-07-04 14:11:44 INFO  : 

2018-07-04 14:11:44 INFO  : ---------------------------------------------------------------------------

2018-07-04 14:11:44 INFO  : 

2018-07-04 14:11:44 INFO  : 

2018-07-04 14:11:44 INFO  : 

2018-07-04 14:11:44 INFO  : 

2018-07-04 14:11:44 INFO  : -----------> Lunching Chrome <-----------

2018-07-04 14:11:46 INFO  : 

2018-07-04 14:11:46 INFO  : ----------------------------------------------------

2018-07-04 14:11:46 INFO  : 

2018-07-04 14:11:46 INFO  : Scenario :: Boook a car for a week

2018-07-04 14:11:46 INFO  : 

2018-07-04 14:11:46 INFO  : ----------------------------------------------------

2018-07-04 14:11:46 INFO  : 

2018-07-04 14:11:46 INFO  : 

2018-07-04 14:11:46 INFO  : Opening URL : https://www.phptravels.net/

2018-07-04 14:11:50 INFO  : PHPTRAVELS | Travel Technology Partner

2018-07-04 14:11:50 INFO  : Goto Car Tab

2018-07-04 14:11:50 INFO  : Entering Pickup location :: Manchester

2018-07-04 14:11:56 INFO  : Entering Dropoff location :: Petra

2018-07-04 15:04:31 INFO  : 

2018-07-04 15:04:31 INFO  : $$$$$$$$$$$$$$$$$$$$$$$    -S-T-A-R-T-    $$$$$$$$$$$$$$$$$$$$$$$

2018-07-04 15:04:31 INFO  : 

2018-07-04 15:04:31 INFO  : 

2018-07-04 15:04:31 INFO  : ------------------------ TESTCASE SETUP --------------------------------- 

2018-07-04 15:04:31 INFO  : 

2018-07-04 15:04:31 INFO  : 

2018-07-04 15:04:31 INFO  : 	Browser     : chrome

2018-07-04 15:04:31 INFO  : 	Zone        : TEST

2018-07-04 15:04:31 INFO  : 	Log Dir     : /log/

2018-07-04 15:04:31 INFO  : 

2018-07-04 15:04:31 INFO  : 

2018-07-04 15:04:31 INFO  : ---------------------------------------------------------------------------

2018-07-04 15:04:31 INFO  : 

2018-07-04 15:04:31 INFO  : 

2018-07-04 15:04:31 INFO  : 

2018-07-04 15:04:31 INFO  : 

2018-07-04 15:04:31 INFO  : -----------> Lunching Chrome <-----------

2018-07-04 15:04:33 INFO  : 

2018-07-04 15:04:33 INFO  : ----------------------------------------------------

2018-07-04 15:04:33 INFO  : 

2018-07-04 15:04:33 INFO  : Scenario :: Boook a car for a week

2018-07-04 15:04:33 INFO  : 

2018-07-04 15:04:33 INFO  : ----------------------------------------------------

2018-07-04 15:04:33 INFO  : 

2018-07-04 15:04:33 INFO  : 

2018-07-04 15:04:33 INFO  : Opening URL : https://www.phptravels.net/

2018-07-04 15:04:37 INFO  : PHPTRAVELS | Travel Technology Partner

2018-07-04 15:04:37 INFO  : Goto Car Tab

2018-07-04 15:04:37 INFO  : Entering Pickup location :: Manchester

2018-07-04 15:04:43 INFO  : Entering Dropoff location :: Petra

2018-07-04 15:04:44 INFO  : Entering pick up date and time ::08/01/201815:00

2018-07-04 15:05:46 INFO  : 

2018-07-04 15:05:46 INFO  : $$$$$$$$$$$$$$$$$$$$$$$    -S-T-A-R-T-    $$$$$$$$$$$$$$$$$$$$$$$

2018-07-04 15:05:46 INFO  : 

2018-07-04 15:05:46 INFO  : 

2018-07-04 15:05:46 INFO  : ------------------------ TESTCASE SETUP --------------------------------- 

2018-07-04 15:05:46 INFO  : 

2018-07-04 15:05:46 INFO  : 

2018-07-04 15:05:46 INFO  : 	Browser     : chrome

2018-07-04 15:05:46 INFO  : 	Zone        : TEST

2018-07-04 15:05:46 INFO  : 	Log Dir     : /log/

2018-07-04 15:05:46 INFO  : 

2018-07-04 15:05:46 INFO  : 

2018-07-04 15:05:46 INFO  : ---------------------------------------------------------------------------

2018-07-04 15:05:46 INFO  : 

2018-07-04 15:05:46 INFO  : 

2018-07-04 15:05:46 INFO  : 

2018-07-04 15:05:46 INFO  : 

2018-07-04 15:05:46 INFO  : -----------> Lunching Chrome <-----------

2018-07-04 15:05:48 INFO  : 

2018-07-04 15:05:48 INFO  : ----------------------------------------------------

2018-07-04 15:05:48 INFO  : 

2018-07-04 15:05:48 INFO  : Scenario :: Boook a car for a week

2018-07-04 15:05:48 INFO  : 

2018-07-04 15:05:48 INFO  : ----------------------------------------------------

2018-07-04 15:05:48 INFO  : 

2018-07-04 15:05:48 INFO  : 

2018-07-04 15:05:48 INFO  : Opening URL : https://www.phptravels.net/

2018-07-04 15:05:52 INFO  : PHPTRAVELS | Travel Technology Partner

2018-07-04 15:05:52 INFO  : Goto Car Tab

2018-07-04 15:05:52 INFO  : Entering Pickup location :: Manchester

2018-07-04 15:05:58 INFO  : Entering Dropoff location :: Petra

2018-07-04 15:05:58 INFO  : Entering pick up date and time ::08/01/201815:00

2018-07-04 15:15:52 INFO  : 

2018-07-04 15:15:52 INFO  : $$$$$$$$$$$$$$$$$$$$$$$    -S-T-A-R-T-    $$$$$$$$$$$$$$$$$$$$$$$

2018-07-04 15:15:52 INFO  : 

2018-07-04 15:15:52 INFO  : 

2018-07-04 15:15:52 INFO  : ------------------------ TESTCASE SETUP --------------------------------- 

2018-07-04 15:15:52 INFO  : 

2018-07-04 15:15:52 INFO  : 

2018-07-04 15:15:52 INFO  : 	Browser     : chrome

2018-07-04 15:15:52 INFO  : 	Zone        : TEST

2018-07-04 15:15:52 INFO  : 	Log Dir     : /log/

2018-07-04 15:15:52 INFO  : 

2018-07-04 15:15:52 INFO  : 

2018-07-04 15:15:52 INFO  : ---------------------------------------------------------------------------

2018-07-04 15:15:52 INFO  : 

2018-07-04 15:15:52 INFO  : 

2018-07-04 15:15:52 INFO  : 

2018-07-04 15:15:52 INFO  : 

2018-07-04 15:15:52 INFO  : -----------> Lunching Chrome <-----------

2018-07-04 15:15:54 INFO  : 

2018-07-04 15:15:54 INFO  : ----------------------------------------------------

2018-07-04 15:15:54 INFO  : 

2018-07-04 15:15:54 INFO  : Scenario :: Boook a car for a week

2018-07-04 15:15:54 INFO  : 

2018-07-04 15:15:54 INFO  : ----------------------------------------------------

2018-07-04 15:15:54 INFO  : 

2018-07-04 15:15:55 INFO  : 

2018-07-04 15:15:55 INFO  : Opening URL : https://www.phptravels.net/

2018-07-04 15:16:00 INFO  : PHPTRAVELS | Travel Technology Partner

2018-07-04 15:16:00 INFO  : Goto Car Tab

2018-07-04 15:16:00 INFO  : Entering Pickup location :: Manchester

2018-07-04 15:16:06 INFO  : Entering Dropoff location :: Petra

2018-07-04 15:16:06 INFO  : Entering pick up date and time ::08/01/201815:00

2018-07-04 15:24:32 INFO  : 

2018-07-04 15:24:32 INFO  : $$$$$$$$$$$$$$$$$$$$$$$    -S-T-A-R-T-    $$$$$$$$$$$$$$$$$$$$$$$

2018-07-04 15:24:32 INFO  : 

2018-07-04 15:24:32 INFO  : 

2018-07-04 15:24:32 INFO  : ------------------------ TESTCASE SETUP --------------------------------- 

2018-07-04 15:24:32 INFO  : 

2018-07-04 15:24:32 INFO  : 

2018-07-04 15:24:32 INFO  : 	Browser     : chrome

2018-07-04 15:24:32 INFO  : 	Zone        : TEST

2018-07-04 15:24:32 INFO  : 	Log Dir     : /log/

2018-07-04 15:24:32 INFO  : 

2018-07-04 15:24:32 INFO  : 

2018-07-04 15:24:32 INFO  : ---------------------------------------------------------------------------

2018-07-04 15:24:32 INFO  : 

2018-07-04 15:24:32 INFO  : 

2018-07-04 15:24:32 INFO  : 

2018-07-04 15:24:32 INFO  : 

2018-07-04 15:24:32 INFO  : -----------> Lunching Chrome <-----------

2018-07-04 15:24:33 INFO  : 

2018-07-04 15:24:33 INFO  : ----------------------------------------------------

2018-07-04 15:24:33 INFO  : 

2018-07-04 15:24:33 INFO  : Scenario :: Boook a car for a week

2018-07-04 15:24:33 INFO  : 

2018-07-04 15:24:33 INFO  : ----------------------------------------------------

2018-07-04 15:24:33 INFO  : 

2018-07-04 15:24:34 INFO  : 

2018-07-04 15:24:34 INFO  : Opening URL : https://www.phptravels.net/

2018-07-04 15:24:37 INFO  : PHPTRAVELS | Travel Technology Partner

2018-07-04 15:24:37 INFO  : Goto Car Tab

2018-07-04 15:24:38 INFO  : Entering Pickup location :: Manchester

2018-07-04 15:24:43 INFO  : Entering Dropoff location :: Petra

2018-07-04 15:24:43 INFO  : Entering pick up date and time ::08/01/201815:00

2018-07-04 15:24:44 INFO  : Entering Drop-off date and time ::08/10/201815:00

2018-07-04 15:49:36 INFO  : 

2018-07-04 15:49:36 INFO  : $$$$$$$$$$$$$$$$$$$$$$$    -S-T-A-R-T-    $$$$$$$$$$$$$$$$$$$$$$$

2018-07-04 15:49:36 INFO  : 

2018-07-04 15:49:36 INFO  : 

2018-07-04 15:49:36 INFO  : ------------------------ TESTCASE SETUP --------------------------------- 

2018-07-04 15:49:36 INFO  : 

2018-07-04 15:49:36 INFO  : 

2018-07-04 15:49:36 INFO  : 	Browser     : chrome

2018-07-04 15:49:36 INFO  : 	Zone        : TEST

2018-07-04 15:49:36 INFO  : 	Log Dir     : /log/

2018-07-04 15:49:36 INFO  : 

2018-07-04 15:49:36 INFO  : 

2018-07-04 15:49:36 INFO  : ---------------------------------------------------------------------------

2018-07-04 15:49:36 INFO  : 

2018-07-04 15:49:36 INFO  : 

2018-07-04 15:49:36 INFO  : 

2018-07-04 15:49:36 INFO  : 

2018-07-04 15:49:36 INFO  : -----------> Lunching Chrome <-----------

2018-07-04 15:49:38 INFO  : 

2018-07-04 15:49:38 INFO  : ----------------------------------------------------

2018-07-04 15:49:38 INFO  : 

2018-07-04 15:49:38 INFO  : Scenario :: Boook a car for a week

2018-07-04 15:49:38 INFO  : 

2018-07-04 15:49:38 INFO  : ----------------------------------------------------

2018-07-04 15:49:38 INFO  : 

2018-07-04 15:49:38 INFO  : 

2018-07-04 15:49:38 INFO  : Opening URL : https://www.phptravels.net/

2018-07-04 15:49:42 INFO  : PHPTRAVELS | Travel Technology Partner

2018-07-04 15:49:42 INFO  : Goto Car Tab

2018-07-04 15:49:43 INFO  : Entering Pickup location :: Manchester

2018-07-04 15:49:48 INFO  : Entering Dropoff location :: Petra

2018-07-04 15:49:49 INFO  : Entering pick up date and time ::08/01/201815:00

2018-07-04 15:49:49 INFO  : Entering Drop-off date and time ::08/10/201815:00

2018-07-04 15:49:50 INFO  : Clicking on Search tab

2018-07-04 15:52:20 INFO  : 

2018-07-04 15:52:20 INFO  : $$$$$$$$$$$$$$$$$$$$$$$    -S-T-A-R-T-    $$$$$$$$$$$$$$$$$$$$$$$

2018-07-04 15:52:20 INFO  : 

2018-07-04 15:52:20 INFO  : 

2018-07-04 15:52:20 INFO  : ------------------------ TESTCASE SETUP --------------------------------- 

2018-07-04 15:52:20 INFO  : 

2018-07-04 15:52:20 INFO  : 

2018-07-04 15:52:20 INFO  : 	Browser     : chrome

2018-07-04 15:52:20 INFO  : 	Zone        : TEST

2018-07-04 15:52:20 INFO  : 	Log Dir     : /log/

2018-07-04 15:52:20 INFO  : 

2018-07-04 15:52:20 INFO  : 

2018-07-04 15:52:20 INFO  : ---------------------------------------------------------------------------

2018-07-04 15:52:20 INFO  : 

2018-07-04 15:52:20 INFO  : 

2018-07-04 15:52:20 INFO  : 

2018-07-04 15:52:20 INFO  : 

2018-07-04 15:52:20 INFO  : -----------> Lunching Chrome <-----------

2018-07-04 15:52:22 INFO  : 

2018-07-04 15:52:22 INFO  : ----------------------------------------------------

2018-07-04 15:52:22 INFO  : 

2018-07-04 15:52:22 INFO  : Scenario :: Boook a car for a week

2018-07-04 15:52:22 INFO  : 

2018-07-04 15:52:22 INFO  : ----------------------------------------------------

2018-07-04 15:52:22 INFO  : 

2018-07-04 15:52:22 INFO  : 

2018-07-04 15:52:22 INFO  : Opening URL : https://www.phptravels.net/

2018-07-04 15:52:26 INFO  : PHPTRAVELS | Travel Technology Partner

2018-07-04 15:52:26 INFO  : Goto Car Tab

2018-07-04 15:52:26 INFO  : Entering Pickup location :: Manchester

2018-07-04 15:52:32 INFO  : Entering Dropoff location :: Petra

2018-07-04 15:52:32 INFO  : Entering pick up date and time ::08/01/201815:00

2018-07-04 15:52:33 INFO  : Entering Drop-off date and time ::08/10/201815:00

2018-07-04 15:52:34 INFO  : Clicking on Search tab

2018-07-04 15:53:19 INFO  : 

2018-07-04 15:53:19 INFO  : $$$$$$$$$$$$$$$$$$$$$$$    -S-T-A-R-T-    $$$$$$$$$$$$$$$$$$$$$$$

2018-07-04 15:53:19 INFO  : 

2018-07-04 15:53:19 INFO  : 

2018-07-04 15:53:19 INFO  : ------------------------ TESTCASE SETUP --------------------------------- 

2018-07-04 15:53:19 INFO  : 

2018-07-04 15:53:19 INFO  : 

2018-07-04 15:53:19 INFO  : 	Browser     : chrome

2018-07-04 15:53:19 INFO  : 	Zone        : TEST

2018-07-04 15:53:19 INFO  : 	Log Dir     : /log/

2018-07-04 15:53:19 INFO  : 

2018-07-04 15:53:19 INFO  : 

2018-07-04 15:53:19 INFO  : ---------------------------------------------------------------------------

2018-07-04 15:53:19 INFO  : 

2018-07-04 15:53:19 INFO  : 

2018-07-04 15:53:19 INFO  : 

2018-07-04 15:53:19 INFO  : 

2018-07-04 15:53:19 INFO  : -----------> Lunching Chrome <-----------

2018-07-04 15:53:21 INFO  : 

2018-07-04 15:53:21 INFO  : ----------------------------------------------------

2018-07-04 15:53:21 INFO  : 

2018-07-04 15:53:21 INFO  : Scenario :: Boook a car for a week

2018-07-04 15:53:21 INFO  : 

2018-07-04 15:53:21 INFO  : ----------------------------------------------------

2018-07-04 15:53:21 INFO  : 

2018-07-04 15:53:22 INFO  : 

2018-07-04 15:53:22 INFO  : Opening URL : https://www.phptravels.net/

2018-07-04 15:53:26 INFO  : PHPTRAVELS | Travel Technology Partner

2018-07-04 15:55:25 INFO  : 

2018-07-04 15:55:25 INFO  : $$$$$$$$$$$$$$$$$$$$$$$    -S-T-A-R-T-    $$$$$$$$$$$$$$$$$$$$$$$

2018-07-04 15:55:25 INFO  : 

2018-07-04 15:55:25 INFO  : 

2018-07-04 15:55:25 INFO  : ------------------------ TESTCASE SETUP --------------------------------- 

2018-07-04 15:55:25 INFO  : 

2018-07-04 15:55:25 INFO  : 

2018-07-04 15:55:25 INFO  : 	Browser     : chrome

2018-07-04 15:55:25 INFO  : 	Zone        : TEST

2018-07-04 15:55:25 INFO  : 	Log Dir     : /log/

2018-07-04 15:55:25 INFO  : 

2018-07-04 15:55:25 INFO  : 

2018-07-04 15:55:25 INFO  : ---------------------------------------------------------------------------

2018-07-04 15:55:25 INFO  : 

2018-07-04 15:55:25 INFO  : 

2018-07-04 15:55:25 INFO  : 

2018-07-04 15:55:25 INFO  : 

2018-07-04 15:55:25 INFO  : -----------> Lunching Chrome <-----------

2018-07-04 15:55:28 INFO  : 

2018-07-04 15:55:28 INFO  : ----------------------------------------------------

2018-07-04 15:55:28 INFO  : 

2018-07-04 15:55:28 INFO  : Scenario :: Boook a car for a week

2018-07-04 15:55:28 INFO  : 

2018-07-04 15:55:28 INFO  : ----------------------------------------------------

2018-07-04 15:55:28 INFO  : 

2018-07-04 15:55:28 INFO  : 

2018-07-04 15:55:28 INFO  : Opening URL : https://www.phptravels.net/

2018-07-04 15:55:32 INFO  : PHPTRAVELS | Travel Technology Partner

2018-07-04 15:55:32 INFO  : Goto Car Tab

2018-07-04 15:55:33 INFO  : Entering Pickup location :: Manchester

2018-07-04 15:55:38 INFO  : Entering Dropoff location :: Petra

2018-07-04 15:55:38 INFO  : Entering pick up date and time ::08/01/201815:00

2018-07-04 15:55:39 INFO  : Entering Drop-off date and time ::08/10/201815:00

2018-07-04 15:55:40 INFO  : Clicking on Search tab

